 --------------------------易哲软件--------------------------

2017-10-11 00:00:00,015 [24] INFO  log4netlogger [(null)] - 计划任务：删除之前未支付的订单2017-10-11 00:00:00


2017-10-11 00:00:00,954 [24] INFO  log4netlogger [(null)] - 联级删除：订单编号：2c744f23-23fa-401a-9f58-842645a34750订单设备数量：0


2017-10-11 00:29:28,717 [8] INFO  log4netlogger [(null)] - 计划任务：获取运单位置2017-10-11 00:29:28

 ------------------------易哲软件自动运行---------------------
 --------------------------易哲软件--------------------------

2017-10-11 00:38:44,975 [17] INFO  log4netlogger [(null)] - 计划任务：获取运单位置2017-10-11 00:38:44

 ------------------------易哲软件自动运行---------------------
 --------------------------易哲软件--------------------------

2017-10-11 00:47:17,640 [18] INFO  log4netlogger [(null)] - 计划任务：获取运单位置2017-10-11 00:47:17

 ------------------------易哲软件自动运行---------------------
 --------------------------易哲软件--------------------------

2017-10-11 00:51:11,093 [21] INFO  log4netlogger [(null)] - 计划任务：获取运单位置2017-10-11 00:51:11

 ------------------------易哲软件自动运行---------------------
 --------------------------易哲软件--------------------------

2017-10-11 01:18:56,421 [33] INFO  log4netlogger [(null)] - 计划任务：获取运单位置2017-10-11 01:18:56

 ------------------------易哲软件自动运行---------------------
 --------------------------易哲软件--------------------------

2017-10-11 01:21:30,701 [23] INFO  log4netlogger [(null)] - 计划任务：获取运单位置2017-10-11 01:21:30

 ------------------------易哲软件自动运行---------------------
 --------------------------易哲软件--------------------------

2017-10-11 01:24:55,649 [34] INFO  log4netlogger [(null)] - 计划任务：获取运单位置2017-10-11 01:24:55

 ------------------------易哲软件自动运行---------------------
 --------------------------易哲软件--------------------------

2017-10-11 01:31:33,277 [34] INFO  log4netlogger [(null)] - 计划任务：获取运单位置2017-10-11 01:31:33

 ------------------------易哲软件自动运行---------------------
 --------------------------易哲软件--------------------------

2017-10-11 01:40:35,059 [10] INFO  log4netlogger [(null)] - 计划任务：获取运单位置2017-10-11 01:40:35

 ------------------------易哲软件自动运行---------------------
 --------------------------易哲软件--------------------------

2017-10-11 01:41:20,339 [10] INFO  log4netlogger [(null)] - 计划任务：获取运单位置2017-10-11 01:41:20

