 --------------------------易哲软件--------------------------

2017-11-19 12:37:43,141 [12] INFO  log4netlogger [(null)] - 计划任务：获取运单位置2017-11-19 12:37:43


2017-11-19 12:37:57,727 [12] ERROR log4netlogger [(null)] - 获取车辆vkey，vid失败 单号：10027534 设备ID:19190001469  2017-11-19 12:37:57


2017-11-19 12:38:39,653 [8] ERROR ChaHuoBaoWeb.FilterConfig+ExceptionLogAttribute [(null)] - 消息类型：ConstraintException 消息内容：“GpsDingDan”的“GpsDingDanSH”属性不能设置为“null”值。必须将该属性设置为类型为“Boolean”的非 null 值。 引发异常的方法：T GetValue(System.Data.Common.DbDataReader, Int32) 引发异常的对象：System.Data.Entity 异常目录：SheBeiDingDan 异常文件：Index


2017-11-19 12:38:39,653 [8] ERROR ChaHuoBaoWeb.FilterConfig+ExceptionLogAttribute [(null)] - 消息类型：ConstraintException 消息内容：“GpsDingDan”的“GpsDingDanSH”属性不能设置为“null”值。必须将该属性设置为类型为“Boolean”的非 null 值。 引发异常的方法：T GetValue(System.Data.Common.DbDataReader, Int32) 引发异常的对象：System.Data.Entity 异常目录：SheBeiDingDan 异常文件：Index


2017-11-19 12:38:39,705 [8] ERROR log4netlogger [(null)] - System.Data.ConstraintException: “GpsDingDan”的“GpsDingDanSH”属性不能设置为“null”值。必须将该属性设置为类型为“Boolean”的非 null 值。
   在 System.Data.Common.Internal.Materialization.Shaper.ErrorHandlingValueReader`1.GetValue(DbDataReader reader, Int32 ordinal)
   在 System.Data.Common.Internal.Materialization.Shaper.GetPropertyValueWithErrorHandling[TProperty](Int32 ordinal, String propertyName, String typeName)
   在 lambda_method(Closure , Shaper )
   在 System.Data.Common.Internal.Materialization.Shaper.HandleEntityAppendOnly[TEntity](Func`2 constructEntityDelegate, EntityKey entityKey, EntitySet entitySet)
   在 lambda_method(Closure , Shaper )
   在 System.Data.Common.Internal.Materialization.Coordinator`1.ReadNextElement(Shaper shaper)
   在 System.Data.Common.Internal.Materialization.Shaper`1.SimpleEnumerator.MoveNext()
   在 System.Linq.Buffer`1..ctor(IEnumerable`1 source)
   在 System.Linq.OrderedEnumerable`1.<GetEnumerator>d__1.MoveNext()
   在 System.Linq.Enumerable.Count[TSource](IEnumerable`1 source)
   在 ChaHuoBaoWeb.Controllers.SheBeiDingDanController.Index(String GpsDingDanDenno, String UserName, Nullable`1 startDate, Nullable`1 endDate, String sortName, String sortOrder, Int32 pageIndex, Int32 pageSize) 位置 e:\svn\ChaHuoBaoWeb3\ChaHuoBaoWeb\Controllers\SheBeiDingDanController.cs:行号 46
   在 lambda_method(Closure , ControllerBase , Object[] )
   在 System.Web.Mvc.ActionMethodDispatcher.Execute(ControllerBase controller, Object[] parameters)
   在 System.Web.Mvc.ReflectedActionDescriptor.Execute(ControllerContext controllerContext, IDictionary`2 parameters)
   在 System.Web.Mvc.ControllerActionInvoker.InvokeActionMethod(ControllerContext controllerContext, ActionDescriptor actionDescriptor, IDictionary`2 parameters)
   在 System.Web.Mvc.Async.AsyncControllerActionInvoker.<>c__DisplayClass42.<BeginInvokeSynchronousActionMethod>b__41()
   在 System.Web.Mvc.Async.AsyncResultWrapper.<>c__DisplayClass8`1.<BeginSynchronous>b__7(IAsyncResult _)
   在 System.Web.Mvc.Async.AsyncResultWrapper.WrappedAsyncResult`1.End()
   在 System.Web.Mvc.Async.AsyncControllerActionInvoker.EndInvokeActionMethod(IAsyncResult asyncResult)
   在 System.Web.Mvc.Async.AsyncControllerActionInvoker.<>c__DisplayClass37.<>c__DisplayClass39.<BeginInvokeActionMethodWithFilters>b__33()
   在 System.Web.Mvc.Async.AsyncControllerActionInvoker.<>c__DisplayClass4f.<InvokeActionMethodFilterAsynchronously>b__49()
   在 System.Web.Mvc.Async.AsyncControllerActionInvoker.<>c__DisplayClass37.<BeginInvokeActionMethodWithFilters>b__36(IAsyncResult asyncResult)
   在 System.Web.Mvc.Async.AsyncResultWrapper.WrappedAsyncResult`1.End()
   在 System.Web.Mvc.Async.AsyncControllerActionInvoker.EndInvokeActionMethodWithFilters(IAsyncResult asyncResult)
   在 System.Web.Mvc.Async.AsyncControllerActionInvoker.<>c__DisplayClass25.<>c__DisplayClass2a.<BeginInvokeAction>b__20()
   在 System.Web.Mvc.Async.AsyncControllerActionInvoker.<>c__DisplayClass25.<BeginInvokeAction>b__22(IAsyncResult asyncResult)
   在 System.Web.Mvc.Async.AsyncResultWrapper.WrappedAsyncResult`1.End()
   在 System.Web.Mvc.Async.AsyncControllerActionInvoker.EndInvokeAction(IAsyncResult asyncResult)
   在 System.Web.Mvc.Controller.<>c__DisplayClass1d.<BeginExecuteCore>b__18(IAsyncResult asyncResult)
   在 System.Web.Mvc.Async.AsyncResultWrapper.<>c__DisplayClass4.<MakeVoidDelegate>b__3(IAsyncResult ar)
   在 System.Web.Mvc.Async.AsyncResultWrapper.WrappedAsyncResult`1.End()
   在 System.Web.Mvc.Controller.EndExecuteCore(IAsyncResult asyncResult)
   在 System.Web.Mvc.Async.AsyncResultWrapper.<>c__DisplayClass4.<MakeVoidDelegate>b__3(IAsyncResult ar)
   在 System.Web.Mvc.Async.AsyncResultWrapper.WrappedAsyncResult`1.End()
   在 System.Web.Mvc.Controller.EndExecute(IAsyncResult asyncResult)
   在 System.Web.Mvc.Controller.System.Web.Mvc.Async.IAsyncController.EndExecute(IAsyncResult asyncResult)
   在 System.Web.Mvc.MvcHandler.<>c__DisplayClass8.<BeginProcessRequest>b__3(IAsyncResult asyncResult)
   在 System.Web.Mvc.Async.AsyncResultWrapper.<>c__DisplayClass4.<MakeVoidDelegate>b__3(IAsyncResult ar)
   在 System.Web.Mvc.Async.AsyncResultWrapper.WrappedAsyncResult`1.End()
   在 System.Web.Mvc.MvcHandler.EndProcessRequest(IAsyncResult asyncResult)
   在 System.Web.Mvc.MvcHandler.System.Web.IHttpAsyncHandler.EndProcessRequest(IAsyncResult result)
   在 System.Web.HttpApplication.CallHandlerExecutionStep.System.Web.HttpApplication.IExecutionStep.Execute()
   在 System.Web.HttpApplication.ExecuteStep(IExecutionStep step, Boolean& completedSynchronously)


2017-11-19 12:39:43,644 [8] ERROR ChaHuoBaoWeb.FilterConfig+ExceptionLogAttribute [(null)] - 消息类型：ConstraintException 消息内容：“GpsDingDan”的“GpsDingDanSH”属性不能设置为“null”值。必须将该属性设置为类型为“Boolean”的非 null 值。 引发异常的方法：T GetValue(System.Data.Common.DbDataReader, Int32) 引发异常的对象：System.Data.Entity 异常目录：SheBeiDingDan 异常文件：Index


2017-11-19 12:39:43,644 [8] ERROR ChaHuoBaoWeb.FilterConfig+ExceptionLogAttribute [(null)] - 消息类型：ConstraintException 消息内容：“GpsDingDan”的“GpsDingDanSH”属性不能设置为“null”值。必须将该属性设置为类型为“Boolean”的非 null 值。 引发异常的方法：T GetValue(System.Data.Common.DbDataReader, Int32) 引发异常的对象：System.Data.Entity 异常目录：SheBeiDingDan 异常文件：Index


2017-11-19 12:39:43,695 [8] ERROR log4netlogger [(null)] - System.Data.ConstraintException: “GpsDingDan”的“GpsDingDanSH”属性不能设置为“null”值。必须将该属性设置为类型为“Boolean”的非 null 值。
   在 System.Data.Common.Internal.Materialization.Shaper.ErrorHandlingValueReader`1.GetValue(DbDataReader reader, Int32 ordinal)
   在 System.Data.Common.Internal.Materialization.Shaper.GetPropertyValueWithErrorHandling[TProperty](Int32 ordinal, String propertyName, String typeName)
   在 lambda_method(Closure , Shaper )
   在 System.Data.Common.Internal.Materialization.Shaper.HandleEntityAppendOnly[TEntity](Func`2 constructEntityDelegate, EntityKey entityKey, EntitySet entitySet)
   在 lambda_method(Closure , Shaper )
   在 System.Data.Common.Internal.Materialization.Coordinator`1.ReadNextElement(Shaper shaper)
   在 System.Data.Common.Internal.Materialization.Shaper`1.SimpleEnumerator.MoveNext()
   在 System.Linq.Buffer`1..ctor(IEnumerable`1 source)
   在 System.Linq.OrderedEnumerable`1.<GetEnumerator>d__1.MoveNext()
   在 System.Linq.Enumerable.Count[TSource](IEnumerable`1 source)
   在 ChaHuoBaoWeb.Controllers.SheBeiDingDanController.Index(String GpsDingDanDenno, String UserName, Nullable`1 startDate, Nullable`1 endDate, String sortName, String sortOrder, Int32 pageIndex, Int32 pageSize) 位置 e:\svn\ChaHuoBaoWeb3\ChaHuoBaoWeb\Controllers\SheBeiDingDanController.cs:行号 46
   在 lambda_method(Closure , ControllerBase , Object[] )
   在 System.Web.Mvc.ActionMethodDispatcher.Execute(ControllerBase controller, Object[] parameters)
   在 System.Web.Mvc.ReflectedActionDescriptor.Execute(ControllerContext controllerContext, IDictionary`2 parameters)
   在 System.Web.Mvc.ControllerActionInvoker.InvokeActionMethod(ControllerContext controllerContext, ActionDescriptor actionDescriptor, IDictionary`2 parameters)
   在 System.Web.Mvc.Async.AsyncControllerActionInvoker.<>c__DisplayClass42.<BeginInvokeSynchronousActionMethod>b__41()
   在 System.Web.Mvc.Async.AsyncResultWrapper.<>c__DisplayClass8`1.<BeginSynchronous>b__7(IAsyncResult _)
   在 System.Web.Mvc.Async.AsyncResultWrapper.WrappedAsyncResult`1.End()
   在 System.Web.Mvc.Async.AsyncControllerActionInvoker.EndInvokeActionMethod(IAsyncResult asyncResult)
   在 System.Web.Mvc.Async.AsyncControllerActionInvoker.<>c__DisplayClass37.<>c__DisplayClass39.<BeginInvokeActionMethodWithFilters>b__33()
   在 System.Web.Mvc.Async.AsyncControllerActionInvoker.<>c__DisplayClass4f.<InvokeActionMethodFilterAsynchronously>b__49()
   在 System.Web.Mvc.Async.AsyncControllerActionInvoker.<>c__DisplayClass37.<BeginInvokeActionMethodWithFilters>b__36(IAsyncResult asyncResult)
   在 System.Web.Mvc.Async.AsyncResultWrapper.WrappedAsyncResult`1.End()
   在 System.Web.Mvc.Async.AsyncControllerActionInvoker.EndInvokeActionMethodWithFilters(IAsyncResult asyncResult)
   在 System.Web.Mvc.Async.AsyncControllerActionInvoker.<>c__DisplayClass25.<>c__DisplayClass2a.<BeginInvokeAction>b__20()
   在 System.Web.Mvc.Async.AsyncControllerActionInvoker.<>c__DisplayClass25.<BeginInvokeAction>b__22(IAsyncResult asyncResult)
   在 System.Web.Mvc.Async.AsyncResultWrapper.WrappedAsyncResult`1.End()
   在 System.Web.Mvc.Async.AsyncControllerActionInvoker.EndInvokeAction(IAsyncResult asyncResult)
   在 System.Web.Mvc.Controller.<>c__DisplayClass1d.<BeginExecuteCore>b__18(IAsyncResult asyncResult)
   在 System.Web.Mvc.Async.AsyncResultWrapper.<>c__DisplayClass4.<MakeVoidDelegate>b__3(IAsyncResult ar)
   在 System.Web.Mvc.Async.AsyncResultWrapper.WrappedAsyncResult`1.End()
   在 System.Web.Mvc.Controller.EndExecuteCore(IAsyncResult asyncResult)
   在 System.Web.Mvc.Async.AsyncResultWrapper.<>c__DisplayClass4.<MakeVoidDelegate>b__3(IAsyncResult ar)
   在 System.Web.Mvc.Async.AsyncResultWrapper.WrappedAsyncResult`1.End()
   在 System.Web.Mvc.Controller.EndExecute(IAsyncResult asyncResult)
   在 System.Web.Mvc.Controller.System.Web.Mvc.Async.IAsyncController.EndExecute(IAsyncResult asyncResult)
   在 System.Web.Mvc.MvcHandler.<>c__DisplayClass8.<BeginProcessRequest>b__3(IAsyncResult asyncResult)
   在 System.Web.Mvc.Async.AsyncResultWrapper.<>c__DisplayClass4.<MakeVoidDelegate>b__3(IAsyncResult ar)
   在 System.Web.Mvc.Async.AsyncResultWrapper.WrappedAsyncResult`1.End()
   在 System.Web.Mvc.MvcHandler.EndProcessRequest(IAsyncResult asyncResult)
   在 System.Web.Mvc.MvcHandler.System.Web.IHttpAsyncHandler.EndProcessRequest(IAsyncResult result)
   在 System.Web.HttpApplication.CallHandlerExecutionStep.System.Web.HttpApplication.IExecutionStep.Execute()
   在 System.Web.HttpApplication.ExecuteStep(IExecutionStep step, Boolean& completedSynchronously)


2017-11-19 12:40:30,345 [20] ERROR ChaHuoBaoWeb.FilterConfig+ExceptionLogAttribute [(null)] - 消息类型：ConstraintException 消息内容：“GpsDingDan”的“GpsDingDanSH”属性不能设置为“null”值。必须将该属性设置为类型为“Boolean”的非 null 值。 引发异常的方法：T GetValue(System.Data.Common.DbDataReader, Int32) 引发异常的对象：System.Data.Entity 异常目录：SheBeiDingDan 异常文件：Index


2017-11-19 12:40:30,345 [20] ERROR ChaHuoBaoWeb.FilterConfig+ExceptionLogAttribute [(null)] - 消息类型：ConstraintException 消息内容：“GpsDingDan”的“GpsDingDanSH”属性不能设置为“null”值。必须将该属性设置为类型为“Boolean”的非 null 值。 引发异常的方法：T GetValue(System.Data.Common.DbDataReader, Int32) 引发异常的对象：System.Data.Entity 异常目录：SheBeiDingDan 异常文件：Index


2017-11-19 12:40:30,396 [20] ERROR log4netlogger [(null)] - System.Data.ConstraintException: “GpsDingDan”的“GpsDingDanSH”属性不能设置为“null”值。必须将该属性设置为类型为“Boolean”的非 null 值。
   在 System.Data.Common.Internal.Materialization.Shaper.ErrorHandlingValueReader`1.GetValue(DbDataReader reader, Int32 ordinal)
   在 System.Data.Common.Internal.Materialization.Shaper.GetPropertyValueWithErrorHandling[TProperty](Int32 ordinal, String propertyName, String typeName)
   在 lambda_method(Closure , Shaper )
   在 System.Data.Common.Internal.Materialization.Shaper.HandleEntityAppendOnly[TEntity](Func`2 constructEntityDelegate, EntityKey entityKey, EntitySet entitySet)
   在 lambda_method(Closure , Shaper )
   在 System.Data.Common.Internal.Materialization.Coordinator`1.ReadNextElement(Shaper shaper)
   在 System.Data.Common.Internal.Materialization.Shaper`1.SimpleEnumerator.MoveNext()
   在 System.Linq.Buffer`1..ctor(IEnumerable`1 source)
   在 System.Linq.OrderedEnumerable`1.<GetEnumerator>d__1.MoveNext()
   在 System.Linq.Enumerable.Count[TSource](IEnumerable`1 source)
   在 ChaHuoBaoWeb.Controllers.SheBeiDingDanController.Index(String GpsDingDanDenno, String UserName, Nullable`1 startDate, Nullable`1 endDate, String sortName, String sortOrder, Int32 pageIndex, Int32 pageSize) 位置 e:\svn\ChaHuoBaoWeb3\ChaHuoBaoWeb\Controllers\SheBeiDingDanController.cs:行号 46
   在 lambda_method(Closure , ControllerBase , Object[] )
   在 System.Web.Mvc.ActionMethodDispatcher.Execute(ControllerBase controller, Object[] parameters)
   在 System.Web.Mvc.ReflectedActionDescriptor.Execute(ControllerContext controllerContext, IDictionary`2 parameters)
   在 System.Web.Mvc.ControllerActionInvoker.InvokeActionMethod(ControllerContext controllerContext, ActionDescriptor actionDescriptor, IDictionary`2 parameters)
   在 System.Web.Mvc.Async.AsyncControllerActionInvoker.<>c__DisplayClass42.<BeginInvokeSynchronousActionMethod>b__41()
   在 System.Web.Mvc.Async.AsyncResultWrapper.<>c__DisplayClass8`1.<BeginSynchronous>b__7(IAsyncResult _)
   在 System.Web.Mvc.Async.AsyncResultWrapper.WrappedAsyncResult`1.End()
   在 System.Web.Mvc.Async.AsyncControllerActionInvoker.EndInvokeActionMethod(IAsyncResult asyncResult)
   在 System.Web.Mvc.Async.AsyncControllerActionInvoker.<>c__DisplayClass37.<>c__DisplayClass39.<BeginInvokeActionMethodWithFilters>b__33()
   在 System.Web.Mvc.Async.AsyncControllerActionInvoker.<>c__DisplayClass4f.<InvokeActionMethodFilterAsynchronously>b__49()
   在 System.Web.Mvc.Async.AsyncControllerActionInvoker.<>c__DisplayClass37.<BeginInvokeActionMethodWithFilters>b__36(IAsyncResult asyncResult)
   在 System.Web.Mvc.Async.AsyncResultWrapper.WrappedAsyncResult`1.End()
   在 System.Web.Mvc.Async.AsyncControllerActionInvoker.EndInvokeActionMethodWithFilters(IAsyncResult asyncResult)
   在 System.Web.Mvc.Async.AsyncControllerActionInvoker.<>c__DisplayClass25.<>c__DisplayClass2a.<BeginInvokeAction>b__20()
   在 System.Web.Mvc.Async.AsyncControllerActionInvoker.<>c__DisplayClass25.<BeginInvokeAction>b__22(IAsyncResult asyncResult)
   在 System.Web.Mvc.Async.AsyncResultWrapper.WrappedAsyncResult`1.End()
   在 System.Web.Mvc.Async.AsyncControllerActionInvoker.EndInvokeAction(IAsyncResult asyncResult)
   在 System.Web.Mvc.Controller.<>c__DisplayClass1d.<BeginExecuteCore>b__18(IAsyncResult asyncResult)
   在 System.Web.Mvc.Async.AsyncResultWrapper.<>c__DisplayClass4.<MakeVoidDelegate>b__3(IAsyncResult ar)
   在 System.Web.Mvc.Async.AsyncResultWrapper.WrappedAsyncResult`1.End()
   在 System.Web.Mvc.Controller.EndExecuteCore(IAsyncResult asyncResult)
   在 System.Web.Mvc.Async.AsyncResultWrapper.<>c__DisplayClass4.<MakeVoidDelegate>b__3(IAsyncResult ar)
   在 System.Web.Mvc.Async.AsyncResultWrapper.WrappedAsyncResult`1.End()
   在 System.Web.Mvc.Controller.EndExecute(IAsyncResult asyncResult)
   在 System.Web.Mvc.Controller.System.Web.Mvc.Async.IAsyncController.EndExecute(IAsyncResult asyncResult)
   在 System.Web.Mvc.MvcHandler.<>c__DisplayClass8.<BeginProcessRequest>b__3(IAsyncResult asyncResult)
   在 System.Web.Mvc.Async.AsyncResultWrapper.<>c__DisplayClass4.<MakeVoidDelegate>b__3(IAsyncResult ar)
   在 System.Web.Mvc.Async.AsyncResultWrapper.WrappedAsyncResult`1.End()
   在 System.Web.Mvc.MvcHandler.EndProcessRequest(IAsyncResult asyncResult)
   在 System.Web.Mvc.MvcHandler.System.Web.IHttpAsyncHandler.EndProcessRequest(IAsyncResult result)
   在 System.Web.HttpApplication.CallHandlerExecutionStep.System.Web.HttpApplication.IExecutionStep.Execute()
   在 System.Web.HttpApplication.ExecuteStep(IExecutionStep step, Boolean& completedSynchronously)

