 --------------------------易哲软件--------------------------

2017-10-10 23:47:02,277 [7] INFO  log4netlogger [(null)] - 计划任务：获取运单位置2017-10-10 23:47:02


2017-10-10 23:49:09,233 [10] ERROR log4netlogger [(null)] - System.Web.HttpException (0x80004005): 未找到路径“/Images/delivery.png”的控制器或该控制器未实现 IController。
   在 System.Web.Mvc.DefaultControllerFactory.GetControllerInstance(RequestContext requestContext, Type controllerType)
   在 System.Web.Mvc.DefaultControllerFactory.CreateController(RequestContext requestContext, String controllerName)
   在 System.Web.Mvc.MvcHandler.ProcessRequestInit(HttpContextBase httpContext, IController& controller, IControllerFactory& factory)
   在 System.Web.Mvc.MvcHandler.BeginProcessRequest(HttpContextBase httpContext, AsyncCallback callback, Object state)
   在 System.Web.Mvc.MvcHandler.BeginProcessRequest(HttpContext httpContext, AsyncCallback callback, Object state)
   在 System.Web.Mvc.MvcHandler.System.Web.IHttpAsyncHandler.BeginProcessRequest(HttpContext context, AsyncCallback cb, Object extraData)
   在 System.Web.HttpApplication.CallHandlerExecutionStep.System.Web.HttpApplication.IExecutionStep.Execute()
   在 System.Web.HttpApplication.ExecuteStep(IExecutionStep step, Boolean& completedSynchronously)


2017-10-10 23:49:16,949 [16] ERROR log4netlogger [(null)] - System.Web.HttpException (0x80004005): 从客户端(&)中检测到有潜在危险的 Request.Path 值。
   在 System.Web.HttpRequest.ValidateInputIfRequiredByConfig()
   在 System.Web.HttpApplication.PipelineStepManager.ValidateHelper(HttpContext context)


2017-10-10 23:49:45,234 [9] ERROR log4netlogger [(null)] - System.Web.HttpException (0x80004005): 从客户端(&)中检测到有潜在危险的 Request.Path 值。
   在 System.Web.HttpRequest.ValidateInputIfRequiredByConfig()
   在 System.Web.HttpApplication.PipelineStepManager.ValidateHelper(HttpContext context)


2017-10-10 23:50:14,846 [16] ERROR log4netlogger [(null)] - System.Web.HttpException (0x80004005): 在控制器“ChaHuoBaoWeb.Controllers.MapController”上未找到公共操作方法“YunDanDenno=222223”。
   在 System.Web.Mvc.Controller.HandleUnknownAction(String actionName)
   在 System.Web.Mvc.Controller.<>c__DisplayClass1d.<BeginExecuteCore>b__18(IAsyncResult asyncResult)
   在 System.Web.Mvc.Async.AsyncResultWrapper.<>c__DisplayClass4.<MakeVoidDelegate>b__3(IAsyncResult ar)
   在 System.Web.Mvc.Async.AsyncResultWrapper.WrappedAsyncResult`1.End()
   在 System.Web.Mvc.Controller.EndExecuteCore(IAsyncResult asyncResult)
   在 System.Web.Mvc.Async.AsyncResultWrapper.<>c__DisplayClass4.<MakeVoidDelegate>b__3(IAsyncResult ar)
   在 System.Web.Mvc.Async.AsyncResultWrapper.WrappedAsyncResult`1.End()
   在 System.Web.Mvc.Controller.EndExecute(IAsyncResult asyncResult)
   在 System.Web.Mvc.Controller.System.Web.Mvc.Async.IAsyncController.EndExecute(IAsyncResult asyncResult)
   在 System.Web.Mvc.MvcHandler.<>c__DisplayClass8.<BeginProcessRequest>b__3(IAsyncResult asyncResult)
   在 System.Web.Mvc.Async.AsyncResultWrapper.<>c__DisplayClass4.<MakeVoidDelegate>b__3(IAsyncResult ar)
   在 System.Web.Mvc.Async.AsyncResultWrapper.WrappedAsyncResult`1.End()
   在 System.Web.Mvc.MvcHandler.EndProcessRequest(IAsyncResult asyncResult)
   在 System.Web.Mvc.MvcHandler.System.Web.IHttpAsyncHandler.EndProcessRequest(IAsyncResult result)
   在 System.Web.HttpApplication.CallHandlerExecutionStep.System.Web.HttpApplication.IExecutionStep.Execute()
   在 System.Web.HttpApplication.ExecuteStep(IExecutionStep step, Boolean& completedSynchronously)


2017-10-10 23:50:56,129 [16] DEBUG log4netlogger [(null)] - System.InvalidOperationException: 序列不包含任何元素
   在 System.Linq.Enumerable.First[TSource](IEnumerable`1 source)
   在 System.Data.Objects.ELinq.ObjectQueryProvider.<>c__11`1.<GetElementFunction>b__11_0(IEnumerable`1 sequence)
   在 System.Data.Objects.ELinq.ObjectQueryProvider.ExecuteSingle[TResult](IEnumerable`1 query, Expression queryRoot)
   在 System.Data.Objects.ELinq.ObjectQueryProvider.System.Linq.IQueryProvider.Execute[S](Expression expression)
   在 System.Data.Entity.Internal.Linq.DbQueryProvider.Execute[TResult](Expression expression)
   在 System.Linq.Queryable.First[TSource](IQueryable`1 source)
   在 ChaHuoBaoWeb.Controllers.MapController.APP_GetYunDanDetail(String UserID, String YunDanDenno) 位置 D:\魏明良的工作目录\定制软件\查货宝\源代码\Web\ChaHuoBaoWeb\Controllers\MapController.cs:行号 37


2017-10-10 23:51:15,093 [16] ERROR log4netlogger [(null)] - System.Web.HttpException (0x80004005): 未找到路径“/Images/delivery.png”的控制器或该控制器未实现 IController。
   在 System.Web.Mvc.DefaultControllerFactory.GetControllerInstance(RequestContext requestContext, Type controllerType)
   在 System.Web.Mvc.DefaultControllerFactory.CreateController(RequestContext requestContext, String controllerName)
   在 System.Web.Mvc.MvcHandler.ProcessRequestInit(HttpContextBase httpContext, IController& controller, IControllerFactory& factory)
   在 System.Web.Mvc.MvcHandler.BeginProcessRequest(HttpContextBase httpContext, AsyncCallback callback, Object state)
   在 System.Web.Mvc.MvcHandler.BeginProcessRequest(HttpContext httpContext, AsyncCallback callback, Object state)
   在 System.Web.Mvc.MvcHandler.System.Web.IHttpAsyncHandler.BeginProcessRequest(HttpContext context, AsyncCallback cb, Object extraData)
   在 System.Web.HttpApplication.CallHandlerExecutionStep.System.Web.HttpApplication.IExecutionStep.Execute()
   在 System.Web.HttpApplication.ExecuteStep(IExecutionStep step, Boolean& completedSynchronously)


2017-10-10 23:51:51,412 [14] ERROR log4netlogger [(null)] - System.Web.HttpException (0x80004005): 从客户端(&)中检测到有潜在危险的 Request.Path 值。
   在 System.Web.HttpRequest.ValidateInputIfRequiredByConfig()
   在 System.Web.HttpApplication.PipelineStepManager.ValidateHelper(HttpContext context)

 ------------------------易哲软件自动运行---------------------
 --------------------------易哲软件--------------------------

2017-10-10 23:54:37,021 [14] INFO  log4netlogger [(null)] - 计划任务：获取运单位置2017-10-10 23:54:37


2017-10-10 23:54:37,440 [18] ERROR log4netlogger [(null)] - System.Web.HttpException (0x80004005): 从客户端(&)中检测到有潜在危险的 Request.Path 值。
   在 System.Web.HttpRequest.ValidateInputIfRequiredByConfig()
   在 System.Web.HttpApplication.PipelineStepManager.ValidateHelper(HttpContext context)


2017-10-10 23:55:19,961 [12] ERROR log4netlogger [(null)] - System.Web.HttpException (0x80004005): 在控制器“ChaHuoBaoWeb.Controllers.MapController”上未找到公共操作方法“YunDanDenno=20170929”。
   在 System.Web.Mvc.Controller.HandleUnknownAction(String actionName)
   在 System.Web.Mvc.Controller.<>c__DisplayClass1d.<BeginExecuteCore>b__18(IAsyncResult asyncResult)
   在 System.Web.Mvc.Async.AsyncResultWrapper.<>c__DisplayClass4.<MakeVoidDelegate>b__3(IAsyncResult ar)
   在 System.Web.Mvc.Async.AsyncResultWrapper.WrappedAsyncResult`1.End()
   在 System.Web.Mvc.Controller.EndExecuteCore(IAsyncResult asyncResult)
   在 System.Web.Mvc.Async.AsyncResultWrapper.<>c__DisplayClass4.<MakeVoidDelegate>b__3(IAsyncResult ar)
   在 System.Web.Mvc.Async.AsyncResultWrapper.WrappedAsyncResult`1.End()
   在 System.Web.Mvc.Controller.EndExecute(IAsyncResult asyncResult)
   在 System.Web.Mvc.Controller.System.Web.Mvc.Async.IAsyncController.EndExecute(IAsyncResult asyncResult)
   在 System.Web.Mvc.MvcHandler.<>c__DisplayClass8.<BeginProcessRequest>b__3(IAsyncResult asyncResult)
   在 System.Web.Mvc.Async.AsyncResultWrapper.<>c__DisplayClass4.<MakeVoidDelegate>b__3(IAsyncResult ar)
   在 System.Web.Mvc.Async.AsyncResultWrapper.WrappedAsyncResult`1.End()
   在 System.Web.Mvc.MvcHandler.EndProcessRequest(IAsyncResult asyncResult)
   在 System.Web.Mvc.MvcHandler.System.Web.IHttpAsyncHandler.EndProcessRequest(IAsyncResult result)
   在 System.Web.HttpApplication.CallHandlerExecutionStep.System.Web.HttpApplication.IExecutionStep.Execute()
   在 System.Web.HttpApplication.ExecuteStep(IExecutionStep step, Boolean& completedSynchronously)


2017-10-10 23:56:22,020 [20] DEBUG log4netlogger [(null)] - System.InvalidOperationException: 序列不包含任何元素
   在 System.Linq.Enumerable.First[TSource](IEnumerable`1 source)
   在 System.Data.Objects.ELinq.ObjectQueryProvider.<>c__11`1.<GetElementFunction>b__11_0(IEnumerable`1 sequence)
   在 System.Data.Objects.ELinq.ObjectQueryProvider.ExecuteSingle[TResult](IEnumerable`1 query, Expression queryRoot)
   在 System.Data.Objects.ELinq.ObjectQueryProvider.System.Linq.IQueryProvider.Execute[S](Expression expression)
   在 System.Data.Entity.Internal.Linq.DbQueryProvider.Execute[TResult](Expression expression)
   在 System.Linq.Queryable.First[TSource](IQueryable`1 source)
   在 ChaHuoBaoWeb.Controllers.MapController.APP_GetYunDanDetail(String UserID, String YunDanDenno) 位置 D:\魏明良的工作目录\定制软件\查货宝\源代码\Web\ChaHuoBaoWeb\Controllers\MapController.cs:行号 44

 ------------------------易哲软件自动运行---------------------
 --------------------------易哲软件--------------------------

2017-10-10 23:59:28,813 [22] INFO  log4netlogger [(null)] - 计划任务：获取运单位置2017-10-10 23:59:28

 ------------------------易哲软件自动运行---------------------
