 --------------------------易哲软件--------------------------

2017-08-29 15:35:37,091 [8] ERROR log4netlogger [(null)] - System.Web.HttpException (0x80004005): 未找到路径“/webserveice/GpsTotalAccount”的控制器或该控制器未实现 IController。
   在 System.Web.Mvc.DefaultControllerFactory.GetControllerInstance(RequestContext requestContext, Type controllerType)
   在 System.Web.Mvc.DefaultControllerFactory.CreateController(RequestContext requestContext, String controllerName)
   在 System.Web.Mvc.MvcHandler.ProcessRequestInit(HttpContextBase httpContext, IController& controller, IControllerFactory& factory)
   在 System.Web.Mvc.MvcHandler.BeginProcessRequest(HttpContextBase httpContext, AsyncCallback callback, Object state)
   在 System.Web.Mvc.MvcHandler.BeginProcessRequest(HttpContext httpContext, AsyncCallback callback, Object state)
   在 System.Web.Mvc.MvcHandler.System.Web.IHttpAsyncHandler.BeginProcessRequest(HttpContext context, AsyncCallback cb, Object extraData)
   在 System.Web.HttpApplication.CallHandlerExecutionStep.System.Web.HttpApplication.IExecutionStep.Execute()
   在 System.Web.HttpApplication.ExecuteStep(IExecutionStep step, Boolean& completedSynchronously)

 ------------------------易哲软件自动运行---------------------
 --------------------------易哲软件--------------------------
 ------------------------易哲软件自动运行---------------------
 --------------------------易哲软件--------------------------
 ------------------------易哲软件自动运行---------------------
 --------------------------易哲软件--------------------------
 ------------------------易哲软件自动运行---------------------
 --------------------------易哲软件--------------------------

2017-08-29 16:42:28,586 [6] ERROR log4netlogger [(null)] - System.Web.HttpException (0x80004005): 未找到路径“/webervice/alidata”的控制器或该控制器未实现 IController。
   在 System.Web.Mvc.DefaultControllerFactory.GetControllerInstance(RequestContext requestContext, Type controllerType)
   在 System.Web.Mvc.DefaultControllerFactory.CreateController(RequestContext requestContext, String controllerName)
   在 System.Web.Mvc.MvcHandler.ProcessRequestInit(HttpContextBase httpContext, IController& controller, IControllerFactory& factory)
   在 System.Web.Mvc.MvcHandler.BeginProcessRequest(HttpContextBase httpContext, AsyncCallback callback, Object state)
   在 System.Web.Mvc.MvcHandler.BeginProcessRequest(HttpContext httpContext, AsyncCallback callback, Object state)
   在 System.Web.Mvc.MvcHandler.System.Web.IHttpAsyncHandler.BeginProcessRequest(HttpContext context, AsyncCallback cb, Object extraData)
   在 System.Web.HttpApplication.CallHandlerExecutionStep.System.Web.HttpApplication.IExecutionStep.Execute()
   在 System.Web.HttpApplication.ExecuteStep(IExecutionStep step, Boolean& completedSynchronously)


2017-08-29 16:42:42,782 [10] ERROR log4netlogger [(null)] - System.Web.HttpException (0x80004005): 未找到路径“/webervice/alidata.ashx”的控制器或该控制器未实现 IController。
   在 System.Web.Mvc.DefaultControllerFactory.GetControllerInstance(RequestContext requestContext, Type controllerType)
   在 System.Web.Mvc.DefaultControllerFactory.CreateController(RequestContext requestContext, String controllerName)
   在 System.Web.Mvc.MvcHandler.ProcessRequestInit(HttpContextBase httpContext, IController& controller, IControllerFactory& factory)
   在 System.Web.Mvc.MvcHandler.BeginProcessRequest(HttpContextBase httpContext, AsyncCallback callback, Object state)
   在 System.Web.Mvc.MvcHandler.BeginProcessRequest(HttpContext httpContext, AsyncCallback callback, Object state)
   在 System.Web.Mvc.MvcHandler.System.Web.IHttpAsyncHandler.BeginProcessRequest(HttpContext context, AsyncCallback cb, Object extraData)
   在 System.Web.HttpApplication.CallHandlerExecutionStep.System.Web.HttpApplication.IExecutionStep.Execute()
   在 System.Web.HttpApplication.ExecuteStep(IExecutionStep step, Boolean& completedSynchronously)


2017-08-29 16:44:23,762 [11] ERROR log4netlogger [(null)] - System.Web.HttpException (0x80004005): 未找到路径“/webervice/alidata.ashx”的控制器或该控制器未实现 IController。
   在 System.Web.Mvc.DefaultControllerFactory.GetControllerInstance(RequestContext requestContext, Type controllerType)
   在 System.Web.Mvc.DefaultControllerFactory.CreateController(RequestContext requestContext, String controllerName)
   在 System.Web.Mvc.MvcHandler.ProcessRequestInit(HttpContextBase httpContext, IController& controller, IControllerFactory& factory)
   在 System.Web.Mvc.MvcHandler.BeginProcessRequest(HttpContextBase httpContext, AsyncCallback callback, Object state)
   在 System.Web.Mvc.MvcHandler.BeginProcessRequest(HttpContext httpContext, AsyncCallback callback, Object state)
   在 System.Web.Mvc.MvcHandler.System.Web.IHttpAsyncHandler.BeginProcessRequest(HttpContext context, AsyncCallback cb, Object extraData)
   在 System.Web.HttpApplication.CallHandlerExecutionStep.System.Web.HttpApplication.IExecutionStep.Execute()
   在 System.Web.HttpApplication.ExecuteStep(IExecutionStep step, Boolean& completedSynchronously)


2017-08-29 16:56:46,082 [24] ERROR log4netlogger [(null)] - System.InvalidOperationException: 到值类型“Decimal”的强制转换失败，因为具体化值为 null。结果类型的泛型参数或查询必须使用可以为 null 的类型。
   在 System.Data.Common.Internal.Materialization.Shaper.ErrorHandlingValueReader`1.GetValue(DbDataReader reader, Int32 ordinal)
   在 System.Data.Common.Internal.Materialization.Shaper.GetColumnValueWithErrorHandling[TColumn](Int32 ordinal)
   在 lambda_method(Closure , Shaper )
   在 System.Data.Common.Internal.Materialization.Coordinator`1.ReadNextElement(Shaper shaper)
   在 System.Data.Common.Internal.Materialization.Shaper`1.SimpleEnumerator.MoveNext()
   在 System.Linq.Enumerable.Single[TSource](IEnumerable`1 source)
   在 System.Data.Objects.ELinq.ObjectQueryProvider.<>c__11`1.<GetElementFunction>b__11_3(IEnumerable`1 sequence)
   在 System.Data.Objects.ELinq.ObjectQueryProvider.ExecuteSingle[TResult](IEnumerable`1 query, Expression queryRoot)
   在 System.Data.Objects.ELinq.ObjectQueryProvider.System.Linq.IQueryProvider.Execute[S](Expression expression)
   在 System.Data.Entity.Internal.Linq.DbQueryProvider.Execute[TResult](Expression expression)
   在 System.Linq.Queryable.Sum[TSource](IQueryable`1 source, Expression`1 selector)
   在 YK_Platform.Jiekou.AliData.GetYunyingtabledata() 位置 D:\魏明良的工作目录\定制软件\查货宝\源代码\Web\ChaHuoBaoWeb\WebService\AliData.ashx.cs:行号 339
   在 YK_Platform.Jiekou.AliData.ProcessRequest(HttpContext context) 位置 D:\魏明良的工作目录\定制软件\查货宝\源代码\Web\ChaHuoBaoWeb\WebService\AliData.ashx.cs:行号 71
   在 System.Web.HttpApplication.CallHandlerExecutionStep.System.Web.HttpApplication.IExecutionStep.Execute()
   在 System.Web.HttpApplication.ExecuteStep(IExecutionStep step, Boolean& completedSynchronously)


2017-08-29 16:59:45,030 [30] ERROR log4netlogger [(null)] - System.InvalidOperationException: 到值类型“Decimal”的强制转换失败，因为具体化值为 null。结果类型的泛型参数或查询必须使用可以为 null 的类型。
   在 System.Data.Common.Internal.Materialization.Shaper.ErrorHandlingValueReader`1.GetValue(DbDataReader reader, Int32 ordinal)
   在 System.Data.Common.Internal.Materialization.Shaper.GetColumnValueWithErrorHandling[TColumn](Int32 ordinal)
   在 lambda_method(Closure , Shaper )
   在 System.Data.Common.Internal.Materialization.Coordinator`1.ReadNextElement(Shaper shaper)
   在 System.Data.Common.Internal.Materialization.Shaper`1.SimpleEnumerator.MoveNext()
   在 System.Linq.Enumerable.Single[TSource](IEnumerable`1 source)
   在 System.Data.Objects.ELinq.ObjectQueryProvider.<>c__11`1.<GetElementFunction>b__11_3(IEnumerable`1 sequence)
   在 System.Data.Objects.ELinq.ObjectQueryProvider.ExecuteSingle[TResult](IEnumerable`1 query, Expression queryRoot)
   在 System.Data.Objects.ELinq.ObjectQueryProvider.System.Linq.IQueryProvider.Execute[S](Expression expression)
   在 System.Data.Entity.Internal.Linq.DbQueryProvider.Execute[TResult](Expression expression)
   在 System.Linq.Queryable.Sum[TSource](IQueryable`1 source, Expression`1 selector)
   在 YK_Platform.Jiekou.AliData.GetYunyingtabledata() 位置 D:\魏明良的工作目录\定制软件\查货宝\源代码\Web\ChaHuoBaoWeb\WebService\AliData.ashx.cs:行号 339
   在 YK_Platform.Jiekou.AliData.ProcessRequest(HttpContext context) 位置 D:\魏明良的工作目录\定制软件\查货宝\源代码\Web\ChaHuoBaoWeb\WebService\AliData.ashx.cs:行号 71
   在 System.Web.HttpApplication.CallHandlerExecutionStep.System.Web.HttpApplication.IExecutionStep.Execute()
   在 System.Web.HttpApplication.ExecuteStep(IExecutionStep step, Boolean& completedSynchronously)

 ------------------------易哲软件自动运行---------------------
 --------------------------易哲软件--------------------------

2017-08-29 17:01:27,223 [33] ERROR log4netlogger [(null)] - System.InvalidOperationException: 到值类型“Decimal”的强制转换失败，因为具体化值为 null。结果类型的泛型参数或查询必须使用可以为 null 的类型。
   在 System.Data.Common.Internal.Materialization.Shaper.ErrorHandlingValueReader`1.GetValue(DbDataReader reader, Int32 ordinal)
   在 System.Data.Common.Internal.Materialization.Shaper.GetColumnValueWithErrorHandling[TColumn](Int32 ordinal)
   在 lambda_method(Closure , Shaper )
   在 System.Data.Common.Internal.Materialization.Coordinator`1.ReadNextElement(Shaper shaper)
   在 System.Data.Common.Internal.Materialization.Shaper`1.SimpleEnumerator.MoveNext()
   在 System.Linq.Enumerable.Single[TSource](IEnumerable`1 source)
   在 System.Data.Objects.ELinq.ObjectQueryProvider.<>c__11`1.<GetElementFunction>b__11_3(IEnumerable`1 sequence)
   在 System.Data.Objects.ELinq.ObjectQueryProvider.ExecuteSingle[TResult](IEnumerable`1 query, Expression queryRoot)
   在 System.Data.Objects.ELinq.ObjectQueryProvider.System.Linq.IQueryProvider.Execute[S](Expression expression)
   在 System.Data.Entity.Internal.Linq.DbQueryProvider.Execute[TResult](Expression expression)
   在 System.Linq.Queryable.Sum[TSource](IQueryable`1 source, Expression`1 selector)
   在 YK_Platform.Jiekou.AliData.GetYunyingtabledata() 位置 D:\魏明良的工作目录\定制软件\查货宝\源代码\Web\ChaHuoBaoWeb\WebService\AliData.ashx.cs:行号 339
   在 YK_Platform.Jiekou.AliData.ProcessRequest(HttpContext context) 位置 D:\魏明良的工作目录\定制软件\查货宝\源代码\Web\ChaHuoBaoWeb\WebService\AliData.ashx.cs:行号 71
   在 System.Web.HttpApplication.CallHandlerExecutionStep.System.Web.HttpApplication.IExecutionStep.Execute()
   在 System.Web.HttpApplication.ExecuteStep(IExecutionStep step, Boolean& completedSynchronously)

 ------------------------易哲软件自动运行---------------------
 --------------------------易哲软件--------------------------

2017-08-29 17:13:03,923 [7] ERROR log4netlogger [(null)] - System.InvalidOperationException: 到值类型“Decimal”的强制转换失败，因为具体化值为 null。结果类型的泛型参数或查询必须使用可以为 null 的类型。
   在 System.Data.Common.Internal.Materialization.Shaper.ErrorHandlingValueReader`1.GetValue(DbDataReader reader, Int32 ordinal)
   在 System.Data.Common.Internal.Materialization.Shaper.GetColumnValueWithErrorHandling[TColumn](Int32 ordinal)
   在 lambda_method(Closure , Shaper )
   在 System.Data.Common.Internal.Materialization.Coordinator`1.ReadNextElement(Shaper shaper)
   在 System.Data.Common.Internal.Materialization.Shaper`1.SimpleEnumerator.MoveNext()
   在 System.Linq.Enumerable.Single[TSource](IEnumerable`1 source)
   在 System.Data.Objects.ELinq.ObjectQueryProvider.<>c__11`1.<GetElementFunction>b__11_3(IEnumerable`1 sequence)
   在 System.Data.Objects.ELinq.ObjectQueryProvider.ExecuteSingle[TResult](IEnumerable`1 query, Expression queryRoot)
   在 System.Data.Objects.ELinq.ObjectQueryProvider.System.Linq.IQueryProvider.Execute[S](Expression expression)
   在 System.Data.Entity.Internal.Linq.DbQueryProvider.Execute[TResult](Expression expression)
   在 System.Linq.Queryable.Sum[TSource](IQueryable`1 source, Expression`1 selector)
   在 YK_Platform.Jiekou.AliData.GetYunyingtabledata() 位置 D:\魏明良的工作目录\定制软件\查货宝\源代码\Web\ChaHuoBaoWeb\WebService\AliData.ashx.cs:行号 339
   在 YK_Platform.Jiekou.AliData.ProcessRequest(HttpContext context) 位置 D:\魏明良的工作目录\定制软件\查货宝\源代码\Web\ChaHuoBaoWeb\WebService\AliData.ashx.cs:行号 71
   在 System.Web.HttpApplication.CallHandlerExecutionStep.System.Web.HttpApplication.IExecutionStep.Execute()
   在 System.Web.HttpApplication.ExecuteStep(IExecutionStep step, Boolean& completedSynchronously)


2017-08-29 17:13:20,566 [9] ERROR log4netlogger [(null)] - System.InvalidOperationException: 到值类型“Decimal”的强制转换失败，因为具体化值为 null。结果类型的泛型参数或查询必须使用可以为 null 的类型。
   在 System.Data.Common.Internal.Materialization.Shaper.ErrorHandlingValueReader`1.GetValue(DbDataReader reader, Int32 ordinal)
   在 System.Data.Common.Internal.Materialization.Shaper.GetColumnValueWithErrorHandling[TColumn](Int32 ordinal)
   在 lambda_method(Closure , Shaper )
   在 System.Data.Common.Internal.Materialization.Coordinator`1.ReadNextElement(Shaper shaper)
   在 System.Data.Common.Internal.Materialization.Shaper`1.SimpleEnumerator.MoveNext()
   在 System.Linq.Enumerable.Single[TSource](IEnumerable`1 source)
   在 System.Data.Objects.ELinq.ObjectQueryProvider.<>c__11`1.<GetElementFunction>b__11_3(IEnumerable`1 sequence)
   在 System.Data.Objects.ELinq.ObjectQueryProvider.ExecuteSingle[TResult](IEnumerable`1 query, Expression queryRoot)
   在 System.Data.Objects.ELinq.ObjectQueryProvider.System.Linq.IQueryProvider.Execute[S](Expression expression)
   在 System.Data.Entity.Internal.Linq.DbQueryProvider.Execute[TResult](Expression expression)
   在 System.Linq.Queryable.Sum[TSource](IQueryable`1 source, Expression`1 selector)
   在 YK_Platform.Jiekou.AliData.GetYunyingtabledata() 位置 D:\魏明良的工作目录\定制软件\查货宝\源代码\Web\ChaHuoBaoWeb\WebService\AliData.ashx.cs:行号 339
   在 YK_Platform.Jiekou.AliData.ProcessRequest(HttpContext context) 位置 D:\魏明良的工作目录\定制软件\查货宝\源代码\Web\ChaHuoBaoWeb\WebService\AliData.ashx.cs:行号 71
   在 System.Web.HttpApplication.CallHandlerExecutionStep.System.Web.HttpApplication.IExecutionStep.Execute()
   在 System.Web.HttpApplication.ExecuteStep(IExecutionStep step, Boolean& completedSynchronously)


2017-08-29 17:16:39,020 [7] ERROR log4netlogger [(null)] - System.InvalidOperationException: 到值类型“Decimal”的强制转换失败，因为具体化值为 null。结果类型的泛型参数或查询必须使用可以为 null 的类型。
   在 System.Data.Common.Internal.Materialization.Shaper.ErrorHandlingValueReader`1.GetValue(DbDataReader reader, Int32 ordinal)
   在 System.Data.Common.Internal.Materialization.Shaper.GetColumnValueWithErrorHandling[TColumn](Int32 ordinal)
   在 lambda_method(Closure , Shaper )
   在 System.Data.Common.Internal.Materialization.Coordinator`1.ReadNextElement(Shaper shaper)
   在 System.Data.Common.Internal.Materialization.Shaper`1.SimpleEnumerator.MoveNext()
   在 System.Linq.Enumerable.Single[TSource](IEnumerable`1 source)
   在 System.Data.Objects.ELinq.ObjectQueryProvider.<>c__11`1.<GetElementFunction>b__11_3(IEnumerable`1 sequence)
   在 System.Data.Objects.ELinq.ObjectQueryProvider.ExecuteSingle[TResult](IEnumerable`1 query, Expression queryRoot)
   在 System.Data.Objects.ELinq.ObjectQueryProvider.System.Linq.IQueryProvider.Execute[S](Expression expression)
   在 System.Data.Entity.Internal.Linq.DbQueryProvider.Execute[TResult](Expression expression)
   在 System.Linq.Queryable.Sum[TSource](IQueryable`1 source, Expression`1 selector)
   在 YK_Platform.Jiekou.AliData.GetYunyingtabledata() 位置 D:\魏明良的工作目录\定制软件\查货宝\源代码\Web\ChaHuoBaoWeb\WebService\AliData.ashx.cs:行号 339
   在 YK_Platform.Jiekou.AliData.ProcessRequest(HttpContext context) 位置 D:\魏明良的工作目录\定制软件\查货宝\源代码\Web\ChaHuoBaoWeb\WebService\AliData.ashx.cs:行号 71
   在 System.Web.HttpApplication.CallHandlerExecutionStep.System.Web.HttpApplication.IExecutionStep.Execute()
   在 System.Web.HttpApplication.ExecuteStep(IExecutionStep step, Boolean& completedSynchronously)


2017-08-29 17:21:26,107 [9] ERROR log4netlogger [(null)] - System.InvalidOperationException: 到值类型“Decimal”的强制转换失败，因为具体化值为 null。结果类型的泛型参数或查询必须使用可以为 null 的类型。
   在 System.Data.Common.Internal.Materialization.Shaper.ErrorHandlingValueReader`1.GetValue(DbDataReader reader, Int32 ordinal)
   在 System.Data.Common.Internal.Materialization.Shaper.GetColumnValueWithErrorHandling[TColumn](Int32 ordinal)
   在 lambda_method(Closure , Shaper )
   在 System.Data.Common.Internal.Materialization.Coordinator`1.ReadNextElement(Shaper shaper)
   在 System.Data.Common.Internal.Materialization.Shaper`1.SimpleEnumerator.MoveNext()
   在 System.Linq.Enumerable.Single[TSource](IEnumerable`1 source)
   在 System.Data.Objects.ELinq.ObjectQueryProvider.<>c__11`1.<GetElementFunction>b__11_3(IEnumerable`1 sequence)
   在 System.Data.Objects.ELinq.ObjectQueryProvider.ExecuteSingle[TResult](IEnumerable`1 query, Expression queryRoot)
   在 System.Data.Objects.ELinq.ObjectQueryProvider.System.Linq.IQueryProvider.Execute[S](Expression expression)
   在 System.Data.Entity.Internal.Linq.DbQueryProvider.Execute[TResult](Expression expression)
   在 System.Linq.Queryable.Sum[TSource](IQueryable`1 source, Expression`1 selector)
   在 YK_Platform.Jiekou.AliData.GetYunyingtabledata() 位置 D:\魏明良的工作目录\定制软件\查货宝\源代码\Web\ChaHuoBaoWeb\WebService\AliData.ashx.cs:行号 339
   在 YK_Platform.Jiekou.AliData.ProcessRequest(HttpContext context) 位置 D:\魏明良的工作目录\定制软件\查货宝\源代码\Web\ChaHuoBaoWeb\WebService\AliData.ashx.cs:行号 71
   在 System.Web.HttpApplication.CallHandlerExecutionStep.System.Web.HttpApplication.IExecutionStep.Execute()
   在 System.Web.HttpApplication.ExecuteStep(IExecutionStep step, Boolean& completedSynchronously)

 ------------------------易哲软件自动运行---------------------
 --------------------------易哲软件--------------------------
 ------------------------易哲软件自动运行---------------------
 --------------------------易哲软件--------------------------
 ------------------------易哲软件自动运行---------------------
 --------------------------易哲软件--------------------------
 ------------------------易哲软件自动运行---------------------
 --------------------------易哲软件--------------------------
 ------------------------易哲软件自动运行---------------------
 --------------------------易哲软件--------------------------
 ------------------------易哲软件自动运行---------------------
 --------------------------易哲软件--------------------------
 ------------------------易哲软件自动运行---------------------
 --------------------------易哲软件--------------------------

2017-08-29 21:34:20,035 [5] ERROR log4netlogger [(null)] - System.Web.HttpParseException (0x80004005): 未能创建类型“ChaHuoBaoWeb.WebService.AliData”。
   在 System.Web.UI.SimpleWebHandlerParser.GetType(String typeName)
   在 System.Web.UI.SimpleWebHandlerParser.GetTypeToCache(Assembly builtAssembly)
   在 System.Web.Compilation.SimpleHandlerBuildProvider.GetGeneratedType(CompilerResults results)
   在 System.Web.Compilation.BuildProvider.CreateBuildResult(CompilerResults results)
   在 System.Web.Compilation.BuildProvider.GetBuildResult(CompilerResults results)
   在 System.Web.Compilation.BuildManager.CompileWebFile(VirtualPath virtualPath)
   在 System.Web.Compilation.BuildManager.GetVPathBuildResultInternal(VirtualPath virtualPath, Boolean noBuild, Boolean allowCrossApp, Boolean allowBuildInPrecompile, Boolean throwIfNotFound, Boolean ensureIsUpToDate)
   在 System.Web.Compilation.BuildManager.GetVPathBuildResultWithNoAssert(HttpContext context, VirtualPath virtualPath, Boolean noBuild, Boolean allowCrossApp, Boolean allowBuildInPrecompile, Boolean throwIfNotFound, Boolean ensureIsUpToDate)
   在 System.Web.Compilation.BuildManager.GetVPathBuildResult(HttpContext context, VirtualPath virtualPath, Boolean noBuild, Boolean allowCrossApp, Boolean allowBuildInPrecompile, Boolean ensureIsUpToDate)
   在 System.Web.UI.SimpleHandlerFactory.System.Web.IHttpHandlerFactory2.GetHandler(HttpContext context, String requestType, VirtualPath virtualPath, String physicalPath)
   在 System.Web.UI.SimpleHandlerFactory.GetHandler(HttpContext context, String requestType, String virtualPath, String path)
   在 System.Web.HttpApplication.MaterializeHandlerExecutionStep.System.Web.HttpApplication.IExecutionStep.Execute()
   在 System.Web.HttpApplication.ExecuteStep(IExecutionStep step, Boolean& completedSynchronously)


2017-08-29 21:34:20,286 [7] ERROR log4netlogger [(null)] - System.Web.HttpParseException (0x80004005): 未能创建类型“ChaHuoBaoWeb.WebService.AliData”。
   在 System.Web.UI.SimpleWebHandlerParser.GetType(String typeName)
   在 System.Web.UI.SimpleWebHandlerParser.GetTypeToCache(Assembly builtAssembly)
   在 System.Web.Compilation.SimpleHandlerBuildProvider.GetGeneratedType(CompilerResults results)
   在 System.Web.Compilation.BuildProvider.CreateBuildResult(CompilerResults results)
   在 System.Web.Compilation.BuildProvider.GetBuildResult(CompilerResults results)
   在 System.Web.Compilation.BuildManager.CompileWebFile(VirtualPath virtualPath)
   在 System.Web.Compilation.BuildManager.GetVPathBuildResultInternal(VirtualPath virtualPath, Boolean noBuild, Boolean allowCrossApp, Boolean allowBuildInPrecompile, Boolean throwIfNotFound, Boolean ensureIsUpToDate)
   在 System.Web.Compilation.BuildManager.GetVPathBuildResultWithNoAssert(HttpContext context, VirtualPath virtualPath, Boolean noBuild, Boolean allowCrossApp, Boolean allowBuildInPrecompile, Boolean throwIfNotFound, Boolean ensureIsUpToDate)
   在 System.Web.Compilation.BuildManager.GetVPathBuildResult(HttpContext context, VirtualPath virtualPath, Boolean noBuild, Boolean allowCrossApp, Boolean allowBuildInPrecompile, Boolean ensureIsUpToDate)
   在 System.Web.UI.SimpleHandlerFactory.System.Web.IHttpHandlerFactory2.GetHandler(HttpContext context, String requestType, VirtualPath virtualPath, String physicalPath)
   在 System.Web.UI.SimpleHandlerFactory.GetHandler(HttpContext context, String requestType, String virtualPath, String path)
   在 System.Web.HttpApplication.MaterializeHandlerExecutionStep.System.Web.HttpApplication.IExecutionStep.Execute()
   在 System.Web.HttpApplication.ExecuteStep(IExecutionStep step, Boolean& completedSynchronously)

 --------------------------易哲软件--------------------------

2017-08-29 21:35:44,579 [7] ERROR ChaHuoBaoWeb.FilterConfig+ExceptionLogAttribute [(null)] - 消息类型：TargetInvocationException 消息内容：调用的目标发生了异常。 引发异常的方法：System.Object CreateInstance(System.RuntimeType, Boolean, Boolean, Boolean ByRef, System.RuntimeMethodHandleInternal ByRef, Boolean ByRef) 引发异常的对象：mscorlib 异常目录：Account 异常文件：Login


2017-08-29 21:35:44,669 [7] ERROR ChaHuoBaoWeb.FilterConfig+ExceptionLogAttribute [(null)] - 消息类型：TargetInvocationException 消息内容：调用的目标发生了异常。 引发异常的方法：System.Object CreateInstance(System.RuntimeType, Boolean, Boolean, Boolean ByRef, System.RuntimeMethodHandleInternal ByRef, Boolean ByRef) 引发异常的对象：mscorlib 异常目录：Account 异常文件：Login


2017-08-29 21:35:44,669 [7] ERROR log4netlogger [(null)] - System.ComponentModel.Win32Exception (0x80004005): 找不到网络路径。


2017-08-29 21:35:45,941 [6] ERROR log4netlogger [(null)] - System.Web.HttpParseException (0x80004005): 未能创建类型“ChaHuoBaoWeb.WebService.AliData”。
   在 System.Web.UI.SimpleWebHandlerParser.GetType(String typeName)
   在 System.Web.UI.SimpleWebHandlerParser.GetTypeToCache(Assembly builtAssembly)
   在 System.Web.Compilation.SimpleHandlerBuildProvider.GetGeneratedType(CompilerResults results)
   在 System.Web.Compilation.BuildProvider.CreateBuildResult(CompilerResults results)
   在 System.Web.Compilation.BuildProvider.GetBuildResult(CompilerResults results)
   在 System.Web.Compilation.BuildManager.CompileWebFile(VirtualPath virtualPath)
   在 System.Web.Compilation.BuildManager.GetVPathBuildResultInternal(VirtualPath virtualPath, Boolean noBuild, Boolean allowCrossApp, Boolean allowBuildInPrecompile, Boolean throwIfNotFound, Boolean ensureIsUpToDate)
   在 System.Web.Compilation.BuildManager.GetVPathBuildResultWithNoAssert(HttpContext context, VirtualPath virtualPath, Boolean noBuild, Boolean allowCrossApp, Boolean allowBuildInPrecompile, Boolean throwIfNotFound, Boolean ensureIsUpToDate)
   在 System.Web.Compilation.BuildManager.GetVPathBuildResult(HttpContext context, VirtualPath virtualPath, Boolean noBuild, Boolean allowCrossApp, Boolean allowBuildInPrecompile, Boolean ensureIsUpToDate)
   在 System.Web.UI.SimpleHandlerFactory.System.Web.IHttpHandlerFactory2.GetHandler(HttpContext context, String requestType, VirtualPath virtualPath, String physicalPath)
   在 System.Web.UI.SimpleHandlerFactory.GetHandler(HttpContext context, String requestType, String virtualPath, String path)
   在 System.Web.HttpApplication.MaterializeHandlerExecutionStep.System.Web.HttpApplication.IExecutionStep.Execute()
   在 System.Web.HttpApplication.ExecuteStep(IExecutionStep step, Boolean& completedSynchronously)


2017-08-29 21:35:45,989 [11] ERROR log4netlogger [(null)] - System.Web.HttpParseException (0x80004005): 未能创建类型“ChaHuoBaoWeb.WebService.AliData”。
   在 System.Web.UI.SimpleWebHandlerParser.GetType(String typeName)
   在 System.Web.UI.SimpleWebHandlerParser.GetTypeToCache(Assembly builtAssembly)
   在 System.Web.Compilation.SimpleHandlerBuildProvider.GetGeneratedType(CompilerResults results)
   在 System.Web.Compilation.BuildProvider.CreateBuildResult(CompilerResults results)
   在 System.Web.Compilation.BuildProvider.GetBuildResult(CompilerResults results)
   在 System.Web.Compilation.BuildManager.CompileWebFile(VirtualPath virtualPath)
   在 System.Web.Compilation.BuildManager.GetVPathBuildResultInternal(VirtualPath virtualPath, Boolean noBuild, Boolean allowCrossApp, Boolean allowBuildInPrecompile, Boolean throwIfNotFound, Boolean ensureIsUpToDate)
   在 System.Web.Compilation.BuildManager.GetVPathBuildResultWithNoAssert(HttpContext context, VirtualPath virtualPath, Boolean noBuild, Boolean allowCrossApp, Boolean allowBuildInPrecompile, Boolean throwIfNotFound, Boolean ensureIsUpToDate)
   在 System.Web.Compilation.BuildManager.GetVPathBuildResult(HttpContext context, VirtualPath virtualPath, Boolean noBuild, Boolean allowCrossApp, Boolean allowBuildInPrecompile, Boolean ensureIsUpToDate)
   在 System.Web.UI.SimpleHandlerFactory.System.Web.IHttpHandlerFactory2.GetHandler(HttpContext context, String requestType, VirtualPath virtualPath, String physicalPath)
   在 System.Web.UI.SimpleHandlerFactory.GetHandler(HttpContext context, String requestType, String virtualPath, String path)
   在 System.Web.HttpApplication.MaterializeHandlerExecutionStep.System.Web.HttpApplication.IExecutionStep.Execute()
   在 System.Web.HttpApplication.ExecuteStep(IExecutionStep step, Boolean& completedSynchronously)

 --------------------------易哲软件--------------------------

2017-08-29 21:37:34,349 [9] ERROR log4netlogger [(null)] - System.Web.HttpParseException (0x80004005): 未能创建类型“ChaHuoBaoWeb.WebService.AliData”。
   在 System.Web.UI.SimpleWebHandlerParser.GetType(String typeName)
   在 System.Web.UI.SimpleWebHandlerParser.GetTypeToCache(Assembly builtAssembly)
   在 System.Web.Compilation.SimpleHandlerBuildProvider.GetGeneratedType(CompilerResults results)
   在 System.Web.Compilation.BuildProvider.CreateBuildResult(CompilerResults results)
   在 System.Web.Compilation.BuildProvider.GetBuildResult(CompilerResults results)
   在 System.Web.Compilation.BuildManager.CompileWebFile(VirtualPath virtualPath)
   在 System.Web.Compilation.BuildManager.GetVPathBuildResultInternal(VirtualPath virtualPath, Boolean noBuild, Boolean allowCrossApp, Boolean allowBuildInPrecompile, Boolean throwIfNotFound, Boolean ensureIsUpToDate)
   在 System.Web.Compilation.BuildManager.GetVPathBuildResultWithNoAssert(HttpContext context, VirtualPath virtualPath, Boolean noBuild, Boolean allowCrossApp, Boolean allowBuildInPrecompile, Boolean throwIfNotFound, Boolean ensureIsUpToDate)
   在 System.Web.Compilation.BuildManager.GetVPathBuildResult(HttpContext context, VirtualPath virtualPath, Boolean noBuild, Boolean allowCrossApp, Boolean allowBuildInPrecompile, Boolean ensureIsUpToDate)
   在 System.Web.UI.SimpleHandlerFactory.System.Web.IHttpHandlerFactory2.GetHandler(HttpContext context, String requestType, VirtualPath virtualPath, String physicalPath)
   在 System.Web.UI.SimpleHandlerFactory.GetHandler(HttpContext context, String requestType, String virtualPath, String path)
   在 System.Web.HttpApplication.MaterializeHandlerExecutionStep.System.Web.HttpApplication.IExecutionStep.Execute()
   在 System.Web.HttpApplication.ExecuteStep(IExecutionStep step, Boolean& completedSynchronously)


2017-08-29 21:37:40,998 [9] ERROR log4netlogger [(null)] - System.Web.HttpParseException (0x80004005): 未能创建类型“ChaHuoBaoWeb.WebService.AliData”。
   在 System.Web.UI.SimpleWebHandlerParser.GetType(String typeName)
   在 System.Web.UI.SimpleWebHandlerParser.GetTypeToCache(Assembly builtAssembly)
   在 System.Web.Compilation.SimpleHandlerBuildProvider.GetGeneratedType(CompilerResults results)
   在 System.Web.Compilation.BuildProvider.CreateBuildResult(CompilerResults results)
   在 System.Web.Compilation.BuildProvider.GetBuildResult(CompilerResults results)
   在 System.Web.Compilation.BuildManager.CompileWebFile(VirtualPath virtualPath)
   在 System.Web.Compilation.BuildManager.GetVPathBuildResultInternal(VirtualPath virtualPath, Boolean noBuild, Boolean allowCrossApp, Boolean allowBuildInPrecompile, Boolean throwIfNotFound, Boolean ensureIsUpToDate)
   在 System.Web.Compilation.BuildManager.GetVPathBuildResultWithNoAssert(HttpContext context, VirtualPath virtualPath, Boolean noBuild, Boolean allowCrossApp, Boolean allowBuildInPrecompile, Boolean throwIfNotFound, Boolean ensureIsUpToDate)
   在 System.Web.Compilation.BuildManager.GetVPathBuildResult(HttpContext context, VirtualPath virtualPath, Boolean noBuild, Boolean allowCrossApp, Boolean allowBuildInPrecompile, Boolean ensureIsUpToDate)
   在 System.Web.UI.SimpleHandlerFactory.System.Web.IHttpHandlerFactory2.GetHandler(HttpContext context, String requestType, VirtualPath virtualPath, String physicalPath)
   在 System.Web.UI.SimpleHandlerFactory.GetHandler(HttpContext context, String requestType, String virtualPath, String path)
   在 System.Web.HttpApplication.MaterializeHandlerExecutionStep.System.Web.HttpApplication.IExecutionStep.Execute()
   在 System.Web.HttpApplication.ExecuteStep(IExecutionStep step, Boolean& completedSynchronously)

 ------------------------易哲软件自动运行---------------------
 --------------------------易哲软件--------------------------
 ------------------------易哲软件自动运行---------------------
 --------------------------易哲软件--------------------------
 ------------------------易哲软件自动运行---------------------
 --------------------------易哲软件--------------------------
 ------------------------易哲软件自动运行---------------------
 --------------------------易哲软件--------------------------

2017-08-29 22:42:34,842 [13] ERROR ChaHuoBaoWeb.FilterConfig+ExceptionLogAttribute [(null)] - 消息类型：TargetInvocationException 消息内容：调用的目标发生了异常。 引发异常的方法：System.Object CreateInstance(System.RuntimeType, Boolean, Boolean, Boolean ByRef, System.RuntimeMethodHandleInternal ByRef, Boolean ByRef) 引发异常的对象：mscorlib 异常目录：Account 异常文件：Login


2017-08-29 22:42:34,903 [13] ERROR ChaHuoBaoWeb.FilterConfig+ExceptionLogAttribute [(null)] - 消息类型：TargetInvocationException 消息内容：调用的目标发生了异常。 引发异常的方法：System.Object CreateInstance(System.RuntimeType, Boolean, Boolean, Boolean ByRef, System.RuntimeMethodHandleInternal ByRef, Boolean ByRef) 引发异常的对象：mscorlib 异常目录：Account 异常文件：Login


2017-08-29 22:42:34,905 [13] ERROR log4netlogger [(null)] - System.ComponentModel.Win32Exception (0x80004005): 等待的操作过时。

 ------------------------易哲软件自动运行---------------------
 --------------------------易哲软件--------------------------
 ------------------------易哲软件自动运行---------------------
 --------------------------易哲软件--------------------------
 ------------------------易哲软件自动运行---------------------
 --------------------------易哲软件--------------------------
 ------------------------易哲软件自动运行---------------------
 --------------------------易哲软件--------------------------
 ------------------------易哲软件自动运行---------------------
 --------------------------易哲软件--------------------------
 ------------------------易哲软件自动运行---------------------
 --------------------------易哲软件--------------------------
 ------------------------易哲软件自动运行---------------------
