 --------------------------易哲软件--------------------------

2017-08-21 00:58:10,655 [8] ERROR log4netlogger [(null)] - System.Web.HttpException (0x80004005): 未找到路径“/H/img/login-background.jpg”的控制器或该控制器未实现 IController。
   在 System.Web.Mvc.DefaultControllerFactory.GetControllerInstance(RequestContext requestContext, Type controllerType)
   在 System.Web.Mvc.DefaultControllerFactory.CreateController(RequestContext requestContext, String controllerName)
   在 System.Web.Mvc.MvcHandler.ProcessRequestInit(HttpContextBase httpContext, IController& controller, IControllerFactory& factory)
   在 System.Web.Mvc.MvcHandler.BeginProcessRequest(HttpContextBase httpContext, AsyncCallback callback, Object state)
   在 System.Web.Mvc.MvcHandler.BeginProcessRequest(HttpContext httpContext, AsyncCallback callback, Object state)
   在 System.Web.Mvc.MvcHandler.System.Web.IHttpAsyncHandler.BeginProcessRequest(HttpContext context, AsyncCallback cb, Object extraData)
   在 System.Web.HttpApplication.CallHandlerExecutionStep.System.Web.HttpApplication.IExecutionStep.Execute()
   在 System.Web.HttpApplication.ExecuteStep(IExecutionStep step, Boolean& completedSynchronously)


2017-08-21 01:00:01,609 [9] ERROR log4netlogger [(null)] - System.Web.HttpException (0x80004005): 未找到路径“/H/img/login-background.jpg”的控制器或该控制器未实现 IController。
   在 System.Web.Mvc.DefaultControllerFactory.GetControllerInstance(RequestContext requestContext, Type controllerType)
   在 System.Web.Mvc.DefaultControllerFactory.CreateController(RequestContext requestContext, String controllerName)
   在 System.Web.Mvc.MvcHandler.ProcessRequestInit(HttpContextBase httpContext, IController& controller, IControllerFactory& factory)
   在 System.Web.Mvc.MvcHandler.BeginProcessRequest(HttpContextBase httpContext, AsyncCallback callback, Object state)
   在 System.Web.Mvc.MvcHandler.BeginProcessRequest(HttpContext httpContext, AsyncCallback callback, Object state)
   在 System.Web.Mvc.MvcHandler.System.Web.IHttpAsyncHandler.BeginProcessRequest(HttpContext context, AsyncCallback cb, Object extraData)
   在 System.Web.HttpApplication.CallHandlerExecutionStep.System.Web.HttpApplication.IExecutionStep.Execute()
   在 System.Web.HttpApplication.ExecuteStep(IExecutionStep step, Boolean& completedSynchronously)


2017-08-21 01:00:40,632 [13] ERROR log4netlogger [(null)] - System.Web.HttpException (0x80004005): 未找到路径“/service/APP_GetYunDanDetail.ashx”的控制器或该控制器未实现 IController。
   在 System.Web.Mvc.DefaultControllerFactory.GetControllerInstance(RequestContext requestContext, Type controllerType)
   在 System.Web.Mvc.DefaultControllerFactory.CreateController(RequestContext requestContext, String controllerName)
   在 System.Web.Mvc.MvcHandler.ProcessRequestInit(HttpContextBase httpContext, IController& controller, IControllerFactory& factory)
   在 System.Web.Mvc.MvcHandler.BeginProcessRequest(HttpContextBase httpContext, AsyncCallback callback, Object state)
   在 System.Web.Mvc.MvcHandler.BeginProcessRequest(HttpContext httpContext, AsyncCallback callback, Object state)
   在 System.Web.Mvc.MvcHandler.System.Web.IHttpAsyncHandler.BeginProcessRequest(HttpContext context, AsyncCallback cb, Object extraData)
   在 System.Web.HttpApplication.CallHandlerExecutionStep.System.Web.HttpApplication.IExecutionStep.Execute()
   在 System.Web.HttpApplication.ExecuteStep(IExecutionStep step, Boolean& completedSynchronously)


2017-08-21 01:01:08,567 [5] ERROR log4netlogger [(null)] - System.Web.HttpException (0x80004005): 未找到路径“/service/APP_GetYunDanDetail.ashx”的控制器或该控制器未实现 IController。
   在 System.Web.Mvc.DefaultControllerFactory.GetControllerInstance(RequestContext requestContext, Type controllerType)
   在 System.Web.Mvc.DefaultControllerFactory.CreateController(RequestContext requestContext, String controllerName)
   在 System.Web.Mvc.MvcHandler.ProcessRequestInit(HttpContextBase httpContext, IController& controller, IControllerFactory& factory)
   在 System.Web.Mvc.MvcHandler.BeginProcessRequest(HttpContextBase httpContext, AsyncCallback callback, Object state)
   在 System.Web.Mvc.MvcHandler.BeginProcessRequest(HttpContext httpContext, AsyncCallback callback, Object state)
   在 System.Web.Mvc.MvcHandler.System.Web.IHttpAsyncHandler.BeginProcessRequest(HttpContext context, AsyncCallback cb, Object extraData)
   在 System.Web.HttpApplication.CallHandlerExecutionStep.System.Web.HttpApplication.IExecutionStep.Execute()
   在 System.Web.HttpApplication.ExecuteStep(IExecutionStep step, Boolean& completedSynchronously)


2017-08-21 01:01:51,341 [5] ERROR log4netlogger [(null)] - System.NullReferenceException: 未将对象引用设置到对象的实例。
   在 ChaHuoBaoWeb.WebService.APP_ZhuCe.ProcessRequest(HttpContext context) 位置 D:\魏明良的工作目录\定制软件\查货宝\ChaHuoBaoWeb\WebService\APP_ZhuCe.ashx.cs:行号 26
   在 System.Web.HttpApplication.CallHandlerExecutionStep.System.Web.HttpApplication.IExecutionStep.Execute()
   在 System.Web.HttpApplication.ExecuteStep(IExecutionStep step, Boolean& completedSynchronously)


2017-08-21 01:02:26,677 [5] ERROR log4netlogger [(null)] - System.NullReferenceException: 未将对象引用设置到对象的实例。
   在 ChaHuoBaoWeb.WebService.APP_ZhuCe.ProcessRequest(HttpContext context) 位置 D:\魏明良的工作目录\定制软件\查货宝\ChaHuoBaoWeb\WebService\APP_ZhuCe.ashx.cs:行号 26
   在 System.Web.HttpApplication.CallHandlerExecutionStep.System.Web.HttpApplication.IExecutionStep.Execute()
   在 System.Web.HttpApplication.ExecuteStep(IExecutionStep step, Boolean& completedSynchronously)


2017-08-21 01:03:21,720 [5] ERROR log4netlogger [(null)] - System.NullReferenceException: 未将对象引用设置到对象的实例。
   在 ChaHuoBaoWeb.WebService.APP_ZhuCe.ProcessRequest(HttpContext context) 位置 D:\魏明良的工作目录\定制软件\查货宝\ChaHuoBaoWeb\WebService\APP_ZhuCe.ashx.cs:行号 26
   在 System.Web.HttpApplication.CallHandlerExecutionStep.System.Web.HttpApplication.IExecutionStep.Execute()
   在 System.Web.HttpApplication.ExecuteStep(IExecutionStep step, Boolean& completedSynchronously)


2017-08-21 01:04:29,502 [5] ERROR log4netlogger [(null)] - System.NullReferenceException: 未将对象引用设置到对象的实例。
   在 ChaHuoBaoWeb.WebService.APP_ZhuCe.ProcessRequest(HttpContext context) 位置 D:\魏明良的工作目录\定制软件\查货宝\ChaHuoBaoWeb\WebService\APP_ZhuCe.ashx.cs:行号 26
   在 System.Web.HttpApplication.CallHandlerExecutionStep.System.Web.HttpApplication.IExecutionStep.Execute()
   在 System.Web.HttpApplication.ExecuteStep(IExecutionStep step, Boolean& completedSynchronously)


2017-08-21 01:05:58,963 [18] ERROR log4netlogger [(null)] - System.NullReferenceException: 未将对象引用设置到对象的实例。
   在 ChaHuoBaoWeb.WebService.APP_ZhuCe.ProcessRequest(HttpContext context) 位置 D:\魏明良的工作目录\定制软件\查货宝\ChaHuoBaoWeb\WebService\APP_ZhuCe.ashx.cs:行号 26
   在 System.Web.HttpApplication.CallHandlerExecutionStep.System.Web.HttpApplication.IExecutionStep.Execute()
   在 System.Web.HttpApplication.ExecuteStep(IExecutionStep step, Boolean& completedSynchronously)

 ------------------------易哲软件自动运行---------------------
 --------------------------易哲软件--------------------------

2017-08-21 11:48:54,251 [10] ERROR log4netlogger [(null)] - System.Web.HttpException (0x80004005): 未找到路径“/H/img/login-background.jpg”的控制器或该控制器未实现 IController。
   在 System.Web.Mvc.DefaultControllerFactory.GetControllerInstance(RequestContext requestContext, Type controllerType)
   在 System.Web.Mvc.DefaultControllerFactory.CreateController(RequestContext requestContext, String controllerName)
   在 System.Web.Mvc.MvcHandler.ProcessRequestInit(HttpContextBase httpContext, IController& controller, IControllerFactory& factory)
   在 System.Web.Mvc.MvcHandler.BeginProcessRequest(HttpContextBase httpContext, AsyncCallback callback, Object state)
   在 System.Web.Mvc.MvcHandler.BeginProcessRequest(HttpContext httpContext, AsyncCallback callback, Object state)
   在 System.Web.Mvc.MvcHandler.System.Web.IHttpAsyncHandler.BeginProcessRequest(HttpContext context, AsyncCallback cb, Object extraData)
   在 System.Web.HttpApplication.CallHandlerExecutionStep.System.Web.HttpApplication.IExecutionStep.Execute()
   在 System.Web.HttpApplication.ExecuteStep(IExecutionStep step, Boolean& completedSynchronously)

 ------------------------易哲软件自动运行---------------------
 --------------------------易哲软件--------------------------

2017-08-21 11:49:13,733 [7] ERROR log4netlogger [(null)] - System.Web.HttpException (0x80004005): 未找到路径“/H/img/login-background.jpg”的控制器或该控制器未实现 IController。
   在 System.Web.Mvc.DefaultControllerFactory.GetControllerInstance(RequestContext requestContext, Type controllerType)
   在 System.Web.Mvc.DefaultControllerFactory.CreateController(RequestContext requestContext, String controllerName)
   在 System.Web.Mvc.MvcHandler.ProcessRequestInit(HttpContextBase httpContext, IController& controller, IControllerFactory& factory)
   在 System.Web.Mvc.MvcHandler.BeginProcessRequest(HttpContextBase httpContext, AsyncCallback callback, Object state)
   在 System.Web.Mvc.MvcHandler.BeginProcessRequest(HttpContext httpContext, AsyncCallback callback, Object state)
   在 System.Web.Mvc.MvcHandler.System.Web.IHttpAsyncHandler.BeginProcessRequest(HttpContext context, AsyncCallback cb, Object extraData)
   在 System.Web.HttpApplication.CallHandlerExecutionStep.System.Web.HttpApplication.IExecutionStep.Execute()
   在 System.Web.HttpApplication.ExecuteStep(IExecutionStep step, Boolean& completedSynchronously)

 ------------------------易哲软件自动运行---------------------
 --------------------------易哲软件--------------------------

2017-08-21 13:05:45,330 [9] ERROR ChaHuoBaoWeb.FilterConfig+ExceptionLogAttribute [(null)] - 消息类型：TargetInvocationException 消息内容：调用的目标发生了异常。 引发异常的方法：System.Object CreateInstance(System.RuntimeType, Boolean, Boolean, Boolean ByRef, System.RuntimeMethodHandleInternal ByRef, Boolean ByRef) 引发异常的对象：mscorlib 异常目录：Account 异常文件：Login


2017-08-21 13:05:45,396 [9] ERROR ChaHuoBaoWeb.FilterConfig+ExceptionLogAttribute [(null)] - 消息类型：TargetInvocationException 消息内容：调用的目标发生了异常。 引发异常的方法：System.Object CreateInstance(System.RuntimeType, Boolean, Boolean, Boolean ByRef, System.RuntimeMethodHandleInternal ByRef, Boolean ByRef) 引发异常的对象：mscorlib 异常目录：Account 异常文件：Login


2017-08-21 13:05:45,433 [9] ERROR log4netlogger [(null)] - System.InvalidOperationException: Unable to determine composite primary key ordering for type 'ChaHuoBaoWeb.Models.YunDan'. Use the ColumnAttribute or the HasKey method to specify an order for composite primary keys.
   在 System.Data.Entity.ModelConfiguration.Configuration.Types.EntityTypeConfiguration.ConfigureKey(EdmEntityType entityType)
   在 System.Data.Entity.ModelConfiguration.Configuration.Types.EntityTypeConfiguration.Configure(EdmEntityType entityType, EdmModel model)
   在 System.Data.Entity.ModelConfiguration.Configuration.ModelConfiguration.ConfigureEntities(EdmModel model)
   在 System.Data.Entity.ModelConfiguration.Configuration.ModelConfiguration.Configure(EdmModel model)
   在 System.Data.Entity.DbModelBuilder.Build(DbProviderManifest providerManifest, DbProviderInfo providerInfo)
   在 System.Data.Entity.DbModelBuilder.Build(DbConnection providerConnection)
   在 System.Data.Entity.Internal.LazyInternalContext.CreateModel(LazyInternalContext internalContext)
   在 System.Data.Entity.Internal.RetryLazy`2.GetValue(TInput input)
   在 System.Data.Entity.Internal.LazyInternalContext.InitializeContext()
   在 System.Data.Entity.Internal.InternalContext.CreateObjectContextForDdlOps()
   在 System.Data.Entity.Database.Exists()
   在 ChaHuoBaoWeb.Filters.InitializeSimpleMembershipAttribute.SimpleMembershipInitializer..ctor() 位置 D:\魏明良的工作目录\定制软件\查货宝\ChaHuoBaoWeb\Filters\InitializeSimpleMembershipAttribute.cs:行号 36

 ------------------------易哲软件自动运行---------------------
 --------------------------易哲软件--------------------------

2017-08-21 13:07:53,976 [30] ERROR log4netlogger [(null)] - System.Web.HttpException (0x80004005): 未找到路径“/H/img/login-background.jpg”的控制器或该控制器未实现 IController。
   在 System.Web.Mvc.DefaultControllerFactory.GetControllerInstance(RequestContext requestContext, Type controllerType)
   在 System.Web.Mvc.DefaultControllerFactory.CreateController(RequestContext requestContext, String controllerName)
   在 System.Web.Mvc.MvcHandler.ProcessRequestInit(HttpContextBase httpContext, IController& controller, IControllerFactory& factory)
   在 System.Web.Mvc.MvcHandler.BeginProcessRequest(HttpContextBase httpContext, AsyncCallback callback, Object state)
   在 System.Web.Mvc.MvcHandler.BeginProcessRequest(HttpContext httpContext, AsyncCallback callback, Object state)
   在 System.Web.Mvc.MvcHandler.System.Web.IHttpAsyncHandler.BeginProcessRequest(HttpContext context, AsyncCallback cb, Object extraData)
   在 System.Web.HttpApplication.CallHandlerExecutionStep.System.Web.HttpApplication.IExecutionStep.Execute()
   在 System.Web.HttpApplication.ExecuteStep(IExecutionStep step, Boolean& completedSynchronously)

 ------------------------易哲软件自动运行---------------------
 --------------------------易哲软件--------------------------

2017-08-21 13:22:21,154 [21] ERROR log4netlogger [(null)] - System.Web.HttpException (0x80004005): 未找到路径“/H/img/login-background.jpg”的控制器或该控制器未实现 IController。
   在 System.Web.Mvc.DefaultControllerFactory.GetControllerInstance(RequestContext requestContext, Type controllerType)
   在 System.Web.Mvc.DefaultControllerFactory.CreateController(RequestContext requestContext, String controllerName)
   在 System.Web.Mvc.MvcHandler.ProcessRequestInit(HttpContextBase httpContext, IController& controller, IControllerFactory& factory)
   在 System.Web.Mvc.MvcHandler.BeginProcessRequest(HttpContextBase httpContext, AsyncCallback callback, Object state)
   在 System.Web.Mvc.MvcHandler.BeginProcessRequest(HttpContext httpContext, AsyncCallback callback, Object state)
   在 System.Web.Mvc.MvcHandler.System.Web.IHttpAsyncHandler.BeginProcessRequest(HttpContext context, AsyncCallback cb, Object extraData)
   在 System.Web.HttpApplication.CallHandlerExecutionStep.System.Web.HttpApplication.IExecutionStep.Execute()
   在 System.Web.HttpApplication.ExecuteStep(IExecutionStep step, Boolean& completedSynchronously)

 ------------------------易哲软件自动运行---------------------
 --------------------------易哲软件--------------------------

2017-08-21 13:35:53,131 [57] ERROR log4netlogger [(null)] - System.Web.HttpException (0x80004005): 未找到路径“/H/img/login-background.jpg”的控制器或该控制器未实现 IController。
   在 System.Web.Mvc.DefaultControllerFactory.GetControllerInstance(RequestContext requestContext, Type controllerType)
   在 System.Web.Mvc.DefaultControllerFactory.CreateController(RequestContext requestContext, String controllerName)
   在 System.Web.Mvc.MvcHandler.ProcessRequestInit(HttpContextBase httpContext, IController& controller, IControllerFactory& factory)
   在 System.Web.Mvc.MvcHandler.BeginProcessRequest(HttpContextBase httpContext, AsyncCallback callback, Object state)
   在 System.Web.Mvc.MvcHandler.BeginProcessRequest(HttpContext httpContext, AsyncCallback callback, Object state)
   在 System.Web.Mvc.MvcHandler.System.Web.IHttpAsyncHandler.BeginProcessRequest(HttpContext context, AsyncCallback cb, Object extraData)
   在 System.Web.HttpApplication.CallHandlerExecutionStep.System.Web.HttpApplication.IExecutionStep.Execute()
   在 System.Web.HttpApplication.ExecuteStep(IExecutionStep step, Boolean& completedSynchronously)

 ------------------------易哲软件自动运行---------------------
 --------------------------易哲软件--------------------------

2017-08-21 13:41:48,005 [19] ERROR ChaHuoBaoWeb.FilterConfig+ExceptionLogAttribute [(null)] - 消息类型：TargetInvocationException 消息内容：调用的目标发生了异常。 引发异常的方法：System.Object CreateInstance(System.RuntimeType, Boolean, Boolean, Boolean ByRef, System.RuntimeMethodHandleInternal ByRef, Boolean ByRef) 引发异常的对象：mscorlib 异常目录：Account 异常文件：Login


2017-08-21 13:41:48,021 [19] ERROR ChaHuoBaoWeb.FilterConfig+ExceptionLogAttribute [(null)] - 消息类型：TargetInvocationException 消息内容：调用的目标发生了异常。 引发异常的方法：System.Object CreateInstance(System.RuntimeType, Boolean, Boolean, Boolean ByRef, System.RuntimeMethodHandleInternal ByRef, Boolean ByRef) 引发异常的对象：mscorlib 异常目录：Account 异常文件：Login


2017-08-21 13:41:48,021 [19] ERROR log4netlogger [(null)] - System.ComponentModel.Win32Exception (0x80004005): 等待的操作过时。

 ------------------------易哲软件自动运行---------------------
 --------------------------易哲软件--------------------------

2017-08-21 13:42:21,956 [19] ERROR log4netlogger [(null)] - System.Web.HttpException (0x80004005): 未找到路径“/H/img/login-background.jpg”的控制器或该控制器未实现 IController。
   在 System.Web.Mvc.DefaultControllerFactory.GetControllerInstance(RequestContext requestContext, Type controllerType)
   在 System.Web.Mvc.DefaultControllerFactory.CreateController(RequestContext requestContext, String controllerName)
   在 System.Web.Mvc.MvcHandler.ProcessRequestInit(HttpContextBase httpContext, IController& controller, IControllerFactory& factory)
   在 System.Web.Mvc.MvcHandler.BeginProcessRequest(HttpContextBase httpContext, AsyncCallback callback, Object state)
   在 System.Web.Mvc.MvcHandler.BeginProcessRequest(HttpContext httpContext, AsyncCallback callback, Object state)
   在 System.Web.Mvc.MvcHandler.System.Web.IHttpAsyncHandler.BeginProcessRequest(HttpContext context, AsyncCallback cb, Object extraData)
   在 System.Web.HttpApplication.CallHandlerExecutionStep.System.Web.HttpApplication.IExecutionStep.Execute()
   在 System.Web.HttpApplication.ExecuteStep(IExecutionStep step, Boolean& completedSynchronously)

 ------------------------易哲软件自动运行---------------------
 --------------------------易哲软件--------------------------

2017-08-21 13:54:37,521 [53] ERROR log4netlogger [(null)] - System.Web.HttpException (0x80004005): 未找到路径“/H/img/login-background.jpg”的控制器或该控制器未实现 IController。
   在 System.Web.Mvc.DefaultControllerFactory.GetControllerInstance(RequestContext requestContext, Type controllerType)
   在 System.Web.Mvc.DefaultControllerFactory.CreateController(RequestContext requestContext, String controllerName)
   在 System.Web.Mvc.MvcHandler.ProcessRequestInit(HttpContextBase httpContext, IController& controller, IControllerFactory& factory)
   在 System.Web.Mvc.MvcHandler.BeginProcessRequest(HttpContextBase httpContext, AsyncCallback callback, Object state)
   在 System.Web.Mvc.MvcHandler.BeginProcessRequest(HttpContext httpContext, AsyncCallback callback, Object state)
   在 System.Web.Mvc.MvcHandler.System.Web.IHttpAsyncHandler.BeginProcessRequest(HttpContext context, AsyncCallback cb, Object extraData)
   在 System.Web.HttpApplication.CallHandlerExecutionStep.System.Web.HttpApplication.IExecutionStep.Execute()
   在 System.Web.HttpApplication.ExecuteStep(IExecutionStep step, Boolean& completedSynchronously)

 ------------------------易哲软件自动运行---------------------
 --------------------------易哲软件--------------------------

2017-08-21 14:03:38,625 [25] ERROR log4netlogger [(null)] - System.Web.HttpException (0x80004005): 未找到路径“/H/img/login-background.jpg”的控制器或该控制器未实现 IController。
   在 System.Web.Mvc.DefaultControllerFactory.GetControllerInstance(RequestContext requestContext, Type controllerType)
   在 System.Web.Mvc.DefaultControllerFactory.CreateController(RequestContext requestContext, String controllerName)
   在 System.Web.Mvc.MvcHandler.ProcessRequestInit(HttpContextBase httpContext, IController& controller, IControllerFactory& factory)
   在 System.Web.Mvc.MvcHandler.BeginProcessRequest(HttpContextBase httpContext, AsyncCallback callback, Object state)
   在 System.Web.Mvc.MvcHandler.BeginProcessRequest(HttpContext httpContext, AsyncCallback callback, Object state)
   在 System.Web.Mvc.MvcHandler.System.Web.IHttpAsyncHandler.BeginProcessRequest(HttpContext context, AsyncCallback cb, Object extraData)
   在 System.Web.HttpApplication.CallHandlerExecutionStep.System.Web.HttpApplication.IExecutionStep.Execute()
   在 System.Web.HttpApplication.ExecuteStep(IExecutionStep step, Boolean& completedSynchronously)

 ------------------------易哲软件自动运行---------------------
 --------------------------易哲软件--------------------------

2017-08-21 14:16:21,755 [15] ERROR log4netlogger [(null)] - System.Web.HttpException (0x80004005): 未找到路径“/H/img/login-background.jpg”的控制器或该控制器未实现 IController。
   在 System.Web.Mvc.DefaultControllerFactory.GetControllerInstance(RequestContext requestContext, Type controllerType)
   在 System.Web.Mvc.DefaultControllerFactory.CreateController(RequestContext requestContext, String controllerName)
   在 System.Web.Mvc.MvcHandler.ProcessRequestInit(HttpContextBase httpContext, IController& controller, IControllerFactory& factory)
   在 System.Web.Mvc.MvcHandler.BeginProcessRequest(HttpContextBase httpContext, AsyncCallback callback, Object state)
   在 System.Web.Mvc.MvcHandler.BeginProcessRequest(HttpContext httpContext, AsyncCallback callback, Object state)
   在 System.Web.Mvc.MvcHandler.System.Web.IHttpAsyncHandler.BeginProcessRequest(HttpContext context, AsyncCallback cb, Object extraData)
   在 System.Web.HttpApplication.CallHandlerExecutionStep.System.Web.HttpApplication.IExecutionStep.Execute()
   在 System.Web.HttpApplication.ExecuteStep(IExecutionStep step, Boolean& completedSynchronously)

 ------------------------易哲软件自动运行---------------------
 --------------------------易哲软件--------------------------

2017-08-21 14:53:14,071 [25] ERROR log4netlogger [(null)] - System.Web.HttpException (0x80004005): 未找到路径“/H/img/login-background.jpg”的控制器或该控制器未实现 IController。
   在 System.Web.Mvc.DefaultControllerFactory.GetControllerInstance(RequestContext requestContext, Type controllerType)
   在 System.Web.Mvc.DefaultControllerFactory.CreateController(RequestContext requestContext, String controllerName)
   在 System.Web.Mvc.MvcHandler.ProcessRequestInit(HttpContextBase httpContext, IController& controller, IControllerFactory& factory)
   在 System.Web.Mvc.MvcHandler.BeginProcessRequest(HttpContextBase httpContext, AsyncCallback callback, Object state)
   在 System.Web.Mvc.MvcHandler.BeginProcessRequest(HttpContext httpContext, AsyncCallback callback, Object state)
   在 System.Web.Mvc.MvcHandler.System.Web.IHttpAsyncHandler.BeginProcessRequest(HttpContext context, AsyncCallback cb, Object extraData)
   在 System.Web.HttpApplication.CallHandlerExecutionStep.System.Web.HttpApplication.IExecutionStep.Execute()
   在 System.Web.HttpApplication.ExecuteStep(IExecutionStep step, Boolean& completedSynchronously)

 ------------------------易哲软件自动运行---------------------
 --------------------------易哲软件--------------------------

2017-08-21 14:58:56,195 [11] ERROR log4netlogger [(null)] - System.Web.HttpException (0x80004005): 未找到路径“/H/img/login-background.jpg”的控制器或该控制器未实现 IController。
   在 System.Web.Mvc.DefaultControllerFactory.GetControllerInstance(RequestContext requestContext, Type controllerType)
   在 System.Web.Mvc.DefaultControllerFactory.CreateController(RequestContext requestContext, String controllerName)
   在 System.Web.Mvc.MvcHandler.ProcessRequestInit(HttpContextBase httpContext, IController& controller, IControllerFactory& factory)
   在 System.Web.Mvc.MvcHandler.BeginProcessRequest(HttpContextBase httpContext, AsyncCallback callback, Object state)
   在 System.Web.Mvc.MvcHandler.BeginProcessRequest(HttpContext httpContext, AsyncCallback callback, Object state)
   在 System.Web.Mvc.MvcHandler.System.Web.IHttpAsyncHandler.BeginProcessRequest(HttpContext context, AsyncCallback cb, Object extraData)
   在 System.Web.HttpApplication.CallHandlerExecutionStep.System.Web.HttpApplication.IExecutionStep.Execute()
   在 System.Web.HttpApplication.ExecuteStep(IExecutionStep step, Boolean& completedSynchronously)

 ------------------------易哲软件自动运行---------------------
 --------------------------易哲软件--------------------------

2017-08-21 15:09:11,170 [27] ERROR log4netlogger [(null)] - System.Web.HttpException (0x80004005): 未找到路径“/H/img/login-background.jpg”的控制器或该控制器未实现 IController。
   在 System.Web.Mvc.DefaultControllerFactory.GetControllerInstance(RequestContext requestContext, Type controllerType)
   在 System.Web.Mvc.DefaultControllerFactory.CreateController(RequestContext requestContext, String controllerName)
   在 System.Web.Mvc.MvcHandler.ProcessRequestInit(HttpContextBase httpContext, IController& controller, IControllerFactory& factory)
   在 System.Web.Mvc.MvcHandler.BeginProcessRequest(HttpContextBase httpContext, AsyncCallback callback, Object state)
   在 System.Web.Mvc.MvcHandler.BeginProcessRequest(HttpContext httpContext, AsyncCallback callback, Object state)
   在 System.Web.Mvc.MvcHandler.System.Web.IHttpAsyncHandler.BeginProcessRequest(HttpContext context, AsyncCallback cb, Object extraData)
   在 System.Web.HttpApplication.CallHandlerExecutionStep.System.Web.HttpApplication.IExecutionStep.Execute()
   在 System.Web.HttpApplication.ExecuteStep(IExecutionStep step, Boolean& completedSynchronously)

 ------------------------易哲软件自动运行---------------------
 --------------------------易哲软件--------------------------

2017-08-21 15:11:51,583 [26] ERROR log4netlogger [(null)] - System.Web.HttpException (0x80004005): 未找到路径“/H/img/login-background.jpg”的控制器或该控制器未实现 IController。
   在 System.Web.Mvc.DefaultControllerFactory.GetControllerInstance(RequestContext requestContext, Type controllerType)
   在 System.Web.Mvc.DefaultControllerFactory.CreateController(RequestContext requestContext, String controllerName)
   在 System.Web.Mvc.MvcHandler.ProcessRequestInit(HttpContextBase httpContext, IController& controller, IControllerFactory& factory)
   在 System.Web.Mvc.MvcHandler.BeginProcessRequest(HttpContextBase httpContext, AsyncCallback callback, Object state)
   在 System.Web.Mvc.MvcHandler.BeginProcessRequest(HttpContext httpContext, AsyncCallback callback, Object state)
   在 System.Web.Mvc.MvcHandler.System.Web.IHttpAsyncHandler.BeginProcessRequest(HttpContext context, AsyncCallback cb, Object extraData)
   在 System.Web.HttpApplication.CallHandlerExecutionStep.System.Web.HttpApplication.IExecutionStep.Execute()
   在 System.Web.HttpApplication.ExecuteStep(IExecutionStep step, Boolean& completedSynchronously)

 ------------------------易哲软件自动运行---------------------
 --------------------------易哲软件--------------------------

2017-08-21 15:14:33,849 [18] ERROR log4netlogger [(null)] - System.Web.HttpException (0x80004005): 未找到路径“/H/img/login-background.jpg”的控制器或该控制器未实现 IController。
   在 System.Web.Mvc.DefaultControllerFactory.GetControllerInstance(RequestContext requestContext, Type controllerType)
   在 System.Web.Mvc.DefaultControllerFactory.CreateController(RequestContext requestContext, String controllerName)
   在 System.Web.Mvc.MvcHandler.ProcessRequestInit(HttpContextBase httpContext, IController& controller, IControllerFactory& factory)
   在 System.Web.Mvc.MvcHandler.BeginProcessRequest(HttpContextBase httpContext, AsyncCallback callback, Object state)
   在 System.Web.Mvc.MvcHandler.BeginProcessRequest(HttpContext httpContext, AsyncCallback callback, Object state)
   在 System.Web.Mvc.MvcHandler.System.Web.IHttpAsyncHandler.BeginProcessRequest(HttpContext context, AsyncCallback cb, Object extraData)
   在 System.Web.HttpApplication.CallHandlerExecutionStep.System.Web.HttpApplication.IExecutionStep.Execute()
   在 System.Web.HttpApplication.ExecuteStep(IExecutionStep step, Boolean& completedSynchronously)

 --------------------------易哲软件--------------------------

2017-08-21 22:29:25,013 [8] ERROR log4netlogger [(null)] - System.Web.HttpException (0x80004005): 未找到路径“/H/img/login-background.jpg”的控制器或该控制器未实现 IController。
   在 System.Web.Mvc.DefaultControllerFactory.GetControllerInstance(RequestContext requestContext, Type controllerType)
   在 System.Web.Mvc.DefaultControllerFactory.CreateController(RequestContext requestContext, String controllerName)
   在 System.Web.Mvc.MvcHandler.ProcessRequestInit(HttpContextBase httpContext, IController& controller, IControllerFactory& factory)
   在 System.Web.Mvc.MvcHandler.BeginProcessRequest(HttpContextBase httpContext, AsyncCallback callback, Object state)
   在 System.Web.Mvc.MvcHandler.BeginProcessRequest(HttpContext httpContext, AsyncCallback callback, Object state)
   在 System.Web.Mvc.MvcHandler.System.Web.IHttpAsyncHandler.BeginProcessRequest(HttpContext context, AsyncCallback cb, Object extraData)
   在 System.Web.HttpApplication.CallHandlerExecutionStep.System.Web.HttpApplication.IExecutionStep.Execute()
   在 System.Web.HttpApplication.ExecuteStep(IExecutionStep step, Boolean& completedSynchronously)

